{"/Users/adam/Dropbox/gom3/tests/mocha/mocha.setup.js":{"path":"/Users/adam/Dropbox/gom3/tests/mocha/mocha.setup.js","statementMap":{"0":{"start":{"line":10,"column":0},"end":{"line":10,"column":26}},"1":{"start":{"line":12,"column":0},"end":{"line":12,"column":34}},"2":{"start":{"line":13,"column":0},"end":{"line":13,"column":31}},"3":{"start":{"line":14,"column":0},"end":{"line":14,"column":28}},"4":{"start":{"line":17,"column":0},"end":{"line":17,"column":30}},"5":{"start":{"line":18,"column":0},"end":{"line":18,"column":41}},"6":{"start":{"line":19,"column":0},"end":{"line":19,"column":34}},"7":{"start":{"line":20,"column":0},"end":{"line":20,"column":34}},"8":{"start":{"line":21,"column":0},"end":{"line":21,"column":34}},"9":{"start":{"line":193,"column":0},"end":{"line":193,"column":34}}},"fnMap":{},"branchMap":{},"s":{"0":1,"1":1,"2":1,"3":1,"4":1,"5":1,"6":1,"7":1,"8":1,"9":1},"f":{},"b":{},"_coverageSchema":"d34fc3e6b8297bcde183f5492bcb8fcb36775295","hash":"2db9feb8f7cf84bac5936b3b2b926da9a69d2ac5","contentHash":"d545cee3437d694949697036b1b6d0aa_12.0.2"},"/Users/adam/Dropbox/gom3/webpack.mocha.config.js":{"path":"/Users/adam/Dropbox/gom3/webpack.mocha.config.js","statementMap":{"0":{"start":{"line":1,"column":20},"end":{"line":1,"column":53}},"1":{"start":{"line":3,"column":11},"end":{"line":3,"column":26}},"2":{"start":{"line":4,"column":11},"end":{"line":4,"column":26}},"3":{"start":{"line":5,"column":14},"end":{"line":5,"column":32}},"4":{"start":{"line":6,"column":10},"end":{"line":6,"column":39}},"5":{"start":{"line":7,"column":21},"end":{"line":7,"column":51}},"6":{"start":{"line":8,"column":13},"end":{"line":8,"column":30}},"7":{"start":{"line":22,"column":0},"end":{"line":24,"column":3}},"8":{"start":{"line":26,"column":0},"end":{"line":26,"column":36}},"9":{"start":{"line":42,"column":0},"end":{"line":42,"column":17}},"10":{"start":{"line":48,"column":0},"end":{"line":48,"column":48}},"11":{"start":{"line":50,"column":0},"end":{"line":50,"column":36}},"12":{"start":{"line":63,"column":0},"end":{"line":63,"column":42}},"13":{"start":{"line":78,"column":0},"end":{"line":78,"column":41}},"14":{"start":{"line":95,"column":0},"end":{"line":99,"column":2}},"15":{"start":{"line":115,"column":14},"end":{"line":115,"column":16}},"16":{"start":{"line":117,"column":0},"end":{"line":121,"column":1}},"17":{"start":{"line":118,"column":31},"end":{"line":118,"column":57}},"18":{"start":{"line":120,"column":4},"end":{"line":120,"column":39}},"19":{"start":{"line":123,"column":12},"end":{"line":236,"column":1}},"20":{"start":{"line":189,"column":24},"end":{"line":191,"column":25}},"21":{"start":{"line":190,"column":28},"end":{"line":190,"column":64}},"22":{"start":{"line":193,"column":24},"end":{"line":197,"column":42}},"23":{"start":{"line":214,"column":16},"end":{"line":216,"column":17}},"24":{"start":{"line":215,"column":20},"end":{"line":215,"column":55}},"25":{"start":{"line":218,"column":16},"end":{"line":222,"column":34}},"26":{"start":{"line":238,"column":17},"end":{"line":238,"column":45}},"27":{"start":{"line":240,"column":0},"end":{"line":248,"column":1}},"28":{"start":{"line":241,"column":4},"end":{"line":245,"column":7}},"29":{"start":{"line":247,"column":4},"end":{"line":247,"column":35}},"30":{"start":{"line":250,"column":15},"end":{"line":253,"column":1}},"31":{"start":{"line":255,"column":0},"end":{"line":257,"column":1}},"32":{"start":{"line":256,"column":4},"end":{"line":256,"column":82}},"33":{"start":{"line":256,"column":61},"end":{"line":256,"column":80}},"34":{"start":{"line":259,"column":0},"end":{"line":259,"column":21}},"35":{"start":{"line":261,"column":0},"end":{"line":267,"column":1}},"36":{"start":{"line":262,"column":4},"end":{"line":266,"column":7}},"37":{"start":{"line":263,"column":8},"end":{"line":263,"column":41}},"38":{"start":{"line":265,"column":8},"end":{"line":265,"column":49}},"39":{"start":{"line":269,"column":0},"end":{"line":269,"column":34}},"40":{"start":{"line":284,"column":0},"end":{"line":290,"column":2}},"41":{"start":{"line":305,"column":0},"end":{"line":311,"column":2}},"42":{"start":{"line":313,"column":0},"end":{"line":313,"column":29}},"43":{"start":{"line":315,"column":0},"end":{"line":315,"column":46}},"44":{"start":{"line":330,"column":0},"end":{"line":330,"column":48}},"45":{"start":{"line":344,"column":0},"end":{"line":352,"column":2}},"46":{"start":{"line":367,"column":0},"end":{"line":385,"column":2}},"47":{"start":{"line":387,"column":0},"end":{"line":406,"column":1}},"48":{"start":{"line":388,"column":4},"end":{"line":405,"column":6}},"49":{"start":{"line":408,"column":0},"end":{"line":416,"column":1}},"50":{"start":{"line":409,"column":4},"end":{"line":415,"column":6}},"51":{"start":{"line":418,"column":0},"end":{"line":420,"column":1}},"52":{"start":{"line":419,"column":4},"end":{"line":419,"column":51}},"53":{"start":{"line":422,"column":0},"end":{"line":429,"column":1}},"54":{"start":{"line":423,"column":4},"end":{"line":428,"column":6}},"55":{"start":{"line":431,"column":0},"end":{"line":440,"column":1}},"56":{"start":{"line":432,"column":4},"end":{"line":435,"column":6}},"57":{"start":{"line":436,"column":7},"end":{"line":440,"column":1}},"58":{"start":{"line":437,"column":4},"end":{"line":439,"column":6}},"59":{"start":{"line":442,"column":0},"end":{"line":455,"column":1}},"60":{"start":{"line":443,"column":26},"end":{"line":443,"column":54}},"61":{"start":{"line":446,"column":16},"end":{"line":450,"column":5}},"62":{"start":{"line":448,"column":12},"end":{"line":448,"column":66}},"63":{"start":{"line":452,"column":4},"end":{"line":454,"column":7}},"64":{"start":{"line":457,"column":0},"end":{"line":461,"column":1}},"65":{"start":{"line":458,"column":4},"end":{"line":460,"column":6}},"66":{"start":{"line":463,"column":0},"end":{"line":475,"column":2}},"67":{"start":{"line":473,"column":17},"end":{"line":473,"column":51}},"68":{"start":{"line":477,"column":0},"end":{"line":479,"column":1}},"69":{"start":{"line":478,"column":4},"end":{"line":478,"column":72}},"70":{"start":{"line":481,"column":0},"end":{"line":481,"column":33}},"71":{"start":{"line":496,"column":0},"end":{"line":500,"column":1}},"72":{"start":{"line":497,"column":4},"end":{"line":499,"column":6}}},"fnMap":{"0":{"name":"(anonymous_0)","decl":{"start":{"line":188,"column":26},"end":{"line":188,"column":27}},"loc":{"start":{"line":188,"column":34},"end":{"line":198,"column":21}},"line":188},"1":{"name":"(anonymous_1)","decl":{"start":{"line":213,"column":18},"end":{"line":213,"column":19}},"loc":{"start":{"line":213,"column":26},"end":{"line":223,"column":13}},"line":213},"2":{"name":"(anonymous_2)","decl":{"start":{"line":256,"column":45},"end":{"line":256,"column":46}},"loc":{"start":{"line":256,"column":61},"end":{"line":256,"column":80}},"line":256},"3":{"name":"(anonymous_3)","decl":{"start":{"line":262,"column":30},"end":{"line":262,"column":31}},"loc":{"start":{"line":262,"column":46},"end":{"line":266,"column":5}},"line":262},"4":{"name":"(anonymous_4)","decl":{"start":{"line":447,"column":35},"end":{"line":447,"column":36}},"loc":{"start":{"line":447,"column":50},"end":{"line":449,"column":9}},"line":447},"5":{"name":"(anonymous_5)","decl":{"start":{"line":473,"column":8},"end":{"line":473,"column":9}},"loc":{"start":{"line":473,"column":17},"end":{"line":473,"column":51}},"line":473}},"branchMap":{"0":{"loc":{"start":{"line":117,"column":0},"end":{"line":121,"column":1}},"type":"if","locations":[{"start":{"line":117,"column":0},"end":{"line":121,"column":1}},{"start":{"line":117,"column":0},"end":{"line":121,"column":1}}],"line":117},"1":{"loc":{"start":{"line":128,"column":21},"end":{"line":156,"column":13}},"type":"cond-expr","locations":[{"start":{"line":128,"column":52},"end":{"line":150,"column":13}},{"start":{"line":150,"column":15},"end":{"line":156,"column":13}}],"line":128},"2":{"loc":{"start":{"line":189,"column":24},"end":{"line":191,"column":25}},"type":"if","locations":[{"start":{"line":189,"column":24},"end":{"line":191,"column":25}},{"start":{"line":189,"column":24},"end":{"line":191,"column":25}}],"line":189},"3":{"loc":{"start":{"line":214,"column":16},"end":{"line":216,"column":17}},"type":"if","locations":[{"start":{"line":214,"column":16},"end":{"line":216,"column":17}},{"start":{"line":214,"column":16},"end":{"line":216,"column":17}}],"line":214},"4":{"loc":{"start":{"line":240,"column":0},"end":{"line":248,"column":1}},"type":"if","locations":[{"start":{"line":240,"column":0},"end":{"line":248,"column":1}},{"start":{"line":240,"column":0},"end":{"line":248,"column":1}}],"line":240},"5":{"loc":{"start":{"line":255,"column":0},"end":{"line":257,"column":1}},"type":"if","locations":[{"start":{"line":255,"column":0},"end":{"line":257,"column":1}},{"start":{"line":255,"column":0},"end":{"line":257,"column":1}}],"line":255},"6":{"loc":{"start":{"line":261,"column":0},"end":{"line":267,"column":1}},"type":"if","locations":[{"start":{"line":261,"column":0},"end":{"line":267,"column":1}},{"start":{"line":261,"column":0},"end":{"line":267,"column":1}}],"line":261},"7":{"loc":{"start":{"line":368,"column":30},"end":{"line":368,"column":48}},"type":"binary-expr","locations":[{"start":{"line":368,"column":30},"end":{"line":368,"column":42}},{"start":{"line":368,"column":46},"end":{"line":368,"column":48}}],"line":368},"8":{"loc":{"start":{"line":387,"column":0},"end":{"line":406,"column":1}},"type":"if","locations":[{"start":{"line":387,"column":0},"end":{"line":406,"column":1}},{"start":{"line":387,"column":0},"end":{"line":406,"column":1}}],"line":387},"9":{"loc":{"start":{"line":408,"column":0},"end":{"line":416,"column":1}},"type":"if","locations":[{"start":{"line":408,"column":0},"end":{"line":416,"column":1}},{"start":{"line":408,"column":0},"end":{"line":416,"column":1}}],"line":408},"10":{"loc":{"start":{"line":418,"column":0},"end":{"line":420,"column":1}},"type":"if","locations":[{"start":{"line":418,"column":0},"end":{"line":420,"column":1}},{"start":{"line":418,"column":0},"end":{"line":420,"column":1}}],"line":418},"11":{"loc":{"start":{"line":422,"column":0},"end":{"line":429,"column":1}},"type":"if","locations":[{"start":{"line":422,"column":0},"end":{"line":429,"column":1}},{"start":{"line":422,"column":0},"end":{"line":429,"column":1}}],"line":422},"12":{"loc":{"start":{"line":431,"column":0},"end":{"line":440,"column":1}},"type":"if","locations":[{"start":{"line":431,"column":0},"end":{"line":440,"column":1}},{"start":{"line":431,"column":0},"end":{"line":440,"column":1}}],"line":431},"13":{"loc":{"start":{"line":433,"column":20},"end":{"line":433,"column":84}},"type":"cond-expr","locations":[{"start":{"line":433,"column":39},"end":{"line":433,"column":62}},{"start":{"line":433,"column":64},"end":{"line":433,"column":84}}],"line":433},"14":{"loc":{"start":{"line":436,"column":7},"end":{"line":440,"column":1}},"type":"if","locations":[{"start":{"line":436,"column":7},"end":{"line":440,"column":1}},{"start":{"line":436,"column":7},"end":{"line":440,"column":1}}],"line":436},"15":{"loc":{"start":{"line":442,"column":0},"end":{"line":455,"column":1}},"type":"if","locations":[{"start":{"line":442,"column":0},"end":{"line":455,"column":1}},{"start":{"line":442,"column":0},"end":{"line":455,"column":1}}],"line":442},"16":{"loc":{"start":{"line":457,"column":0},"end":{"line":461,"column":1}},"type":"if","locations":[{"start":{"line":457,"column":0},"end":{"line":461,"column":1}},{"start":{"line":457,"column":0},"end":{"line":461,"column":1}}],"line":457},"17":{"loc":{"start":{"line":457,"column":4},"end":{"line":457,"column":42}},"type":"binary-expr","locations":[{"start":{"line":457,"column":4},"end":{"line":457,"column":20}},{"start":{"line":457,"column":24},"end":{"line":457,"column":42}}],"line":457},"18":{"loc":{"start":{"line":466,"column":22},"end":{"line":468,"column":59}},"type":"cond-expr","locations":[{"start":{"line":467,"column":18},"end":{"line":467,"column":30}},{"start":{"line":468,"column":20},"end":{"line":468,"column":57}}],"line":466},"19":{"loc":{"start":{"line":468,"column":20},"end":{"line":468,"column":57}},"type":"binary-expr","locations":[{"start":{"line":468,"column":20},"end":{"line":468,"column":40}},{"start":{"line":468,"column":44},"end":{"line":468,"column":57}}],"line":468},"20":{"loc":{"start":{"line":477,"column":0},"end":{"line":479,"column":1}},"type":"if","locations":[{"start":{"line":477,"column":0},"end":{"line":479,"column":1}},{"start":{"line":477,"column":0},"end":{"line":479,"column":1}}],"line":477},"21":{"loc":{"start":{"line":496,"column":0},"end":{"line":500,"column":1}},"type":"if","locations":[{"start":{"line":496,"column":0},"end":{"line":500,"column":1}},{"start":{"line":496,"column":0},"end":{"line":500,"column":1}}],"line":496}},"s":{"0":1,"1":1,"2":1,"3":1,"4":1,"5":1,"6":1,"7":1,"8":1,"9":1,"10":1,"11":1,"12":1,"13":1,"14":1,"15":1,"16":1,"17":0,"18":0,"19":1,"20":0,"21":0,"22":0,"23":0,"24":0,"25":0,"26":1,"27":1,"28":0,"29":0,"30":1,"31":1,"32":0,"33":0,"34":1,"35":1,"36":0,"37":0,"38":0,"39":1,"40":1,"41":1,"42":1,"43":1,"44":1,"45":1,"46":1,"47":1,"48":1,"49":1,"50":1,"51":1,"52":0,"53":1,"54":0,"55":1,"56":0,"57":1,"58":0,"59":1,"60":0,"61":0,"62":0,"63":0,"64":1,"65":0,"66":1,"67":1,"68":1,"69":0,"70":1,"71":1,"72":0},"f":{"0":0,"1":0,"2":0,"3":0,"4":0,"5":1},"b":{"0":[0,1],"1":[0,1],"2":[0,0],"3":[0,0],"4":[0,1],"5":[0,1],"6":[0,1],"7":[1,1],"8":[1,0],"9":[1,0],"10":[0,1],"11":[0,1],"12":[0,1],"13":[0,0],"14":[0,1],"15":[0,1],"16":[0,1],"17":[1,0],"18":[0,1],"19":[1,1],"20":[0,1],"21":[0,1]},"_coverageSchema":"d34fc3e6b8297bcde183f5492bcb8fcb36775295","hash":"e9a21ac73d6bb0fd3ca0178f257bc93ab4d83a5f","contentHash":"790a6c5adf3fa6d0210fa7c9a3426288_12.0.2"},"/Users/adam/Dropbox/gom3/webpack.mix.js":{"path":"/Users/adam/Dropbox/gom3/webpack.mix.js","statementMap":{"0":{"start":{"line":4,"column":16},"end":{"line":4,"column":38}},"1":{"start":{"line":19,"column":0},"end":{"line":21,"column":43}},"2":{"start":{"line":23,"column":0},"end":{"line":25,"column":43}},"3":{"start":{"line":27,"column":0},"end":{"line":30,"column":43}},"4":{"start":{"line":33,"column":0},"end":{"line":33,"column":96}}},"fnMap":{},"branchMap":{},"s":{"0":1,"1":1,"2":1,"3":1,"4":1},"f":{},"b":{},"_coverageSchema":"d34fc3e6b8297bcde183f5492bcb8fcb36775295","hash":"8b8240b3ac8d3ee59b805f42fb715248127b7a19","contentHash":"e4589b1045c340479ffe9e42a47d4d9d_12.0.2"},"/Users/adam/Dropbox/gom3/.tmp/mocha-webpack/1531501615983/main.js":{"path":"/Users/adam/Dropbox/gom3/.tmp/mocha-webpack/1531501615983/main.js","statementMap":{"0":{"start":{"line":1,"column":9},"end":{"line":10734,"column":12}},"1":{"start":{"line":3,"column":33},"end":{"line":3,"column":35}},"2":{"start":{"line":9,"column":11},"end":{"line":11,"column":12}},"3":{"start":{"line":10,"column":12},"end":{"line":10,"column":54}},"4":{"start":{"line":13,"column":24},"end":{"line":17,"column":12}},"5":{"start":{"line":20,"column":11},"end":{"line":20,"column":95}},"6":{"start":{"line":23,"column":11},"end":{"line":23,"column":27}},"7":{"start":{"line":26,"column":11},"end":{"line":26,"column":33}},"8":{"start":{"line":31,"column":10},"end":{"line":31,"column":42}},"9":{"start":{"line":34,"column":10},"end":{"line":34,"column":51}},"10":{"start":{"line":37,"column":10},"end":{"line":41,"column":12}},"11":{"start":{"line":38,"column":11},"end":{"line":40,"column":12}},"12":{"start":{"line":39,"column":12},"end":{"line":39,"column":84}},"13":{"start":{"line":44,"column":10},"end":{"line":49,"column":12}},"14":{"start":{"line":45,"column":11},"end":{"line":47,"column":12}},"15":{"start":{"line":46,"column":12},"end":{"line":46,"column":84}},"16":{"start":{"line":48,"column":11},"end":{"line":48,"column":73}},"17":{"start":{"line":56,"column":10},"end":{"line":65,"column":12}},"18":{"start":{"line":57,"column":11},"end":{"line":57,"column":59}},"19":{"start":{"line":57,"column":24},"end":{"line":57,"column":59}},"20":{"start":{"line":58,"column":11},"end":{"line":58,"column":37}},"21":{"start":{"line":58,"column":24},"end":{"line":58,"column":37}},"22":{"start":{"line":59,"column":11},"end":{"line":59,"column":97}},"23":{"start":{"line":59,"column":84},"end":{"line":59,"column":97}},"24":{"start":{"line":60,"column":20},"end":{"line":60,"column":39}},"25":{"start":{"line":61,"column":11},"end":{"line":61,"column":37}},"26":{"start":{"line":62,"column":11},"end":{"line":62,"column":84}},"27":{"start":{"line":63,"column":11},"end":{"line":63,"column":159}},"28":{"start":{"line":63,"column":52},"end":{"line":63,"column":159}},"29":{"start":{"line":63,"column":74},"end":{"line":63,"column":159}},"30":{"start":{"line":63,"column":121},"end":{"line":63,"column":139}},"31":{"start":{"line":64,"column":11},"end":{"line":64,"column":21}},"32":{"start":{"line":68,"column":10},"end":{"line":74,"column":12}},"33":{"start":{"line":69,"column":24},"end":{"line":71,"column":58}},"34":{"start":{"line":70,"column":36},"end":{"line":70,"column":61}},"35":{"start":{"line":71,"column":42},"end":{"line":71,"column":56}},"36":{"start":{"line":72,"column":11},"end":{"line":72,"column":54}},"37":{"start":{"line":73,"column":11},"end":{"line":73,"column":25}},"38":{"start":{"line":77,"column":10},"end":{"line":77,"column":128}},"39":{"start":{"line":77,"column":63},"end":{"line":77,"column":125}},"40":{"start":{"line":80,"column":10},"end":{"line":80,"column":95}},"41":{"start":{"line":84,"column":10},"end":{"line":84,"column":106}},"42":{"start":{"line":96,"column":27},"end":{"line":106,"column":146}},"43":{"start":{"line":97,"column":26},"end":{"line":97,"column":77}},"44":{"start":{"line":98,"column":19},"end":{"line":98,"column":43}},"45":{"start":{"line":101,"column":10},"end":{"line":103,"column":1}},"46":{"start":{"line":105,"column":0},"end":{"line":105,"column":35}},"47":{"start":{"line":120,"column":0},"end":{"line":122,"column":5}},"48":{"start":{"line":121,"column":1},"end":{"line":121,"column":13}},"49":{"start":{"line":124,"column":0},"end":{"line":130,"column":1}},"50":{"start":{"line":126,"column":1},"end":{"line":126,"column":57}},"51":{"start":{"line":129,"column":1},"end":{"line":129,"column":44}},"52":{"start":{"line":129,"column":33},"end":{"line":129,"column":44}},"53":{"start":{"line":136,"column":0},"end":{"line":136,"column":19}},"54":{"start":{"line":151,"column":0},"end":{"line":153,"column":3}},"55":{"start":{"line":159,"column":22},"end":{"line":159,"column":33}},"56":{"start":{"line":160,"column":25},"end":{"line":160,"column":38}},"57":{"start":{"line":161,"column":23},"end":{"line":161,"column":34}},"58":{"start":{"line":162,"column":24},"end":{"line":162,"column":36}},"59":{"start":{"line":163,"column":23},"end":{"line":163,"column":35}},"60":{"start":{"line":164,"column":25},"end":{"line":164,"column":39}},"61":{"start":{"line":165,"column":22},"end":{"line":165,"column":32}},"62":{"start":{"line":167,"column":22},"end":{"line":167,"column":49}},"63":{"start":{"line":168,"column":22},"end":{"line":168,"column":52}},"64":{"start":{"line":169,"column":19},"end":{"line":169,"column":45}},"65":{"start":{"line":173,"column":13},"end":{"line":348,"column":1}},"66":{"start":{"line":178,"column":8},"end":{"line":178,"column":37}},"67":{"start":{"line":183,"column":8},"end":{"line":183,"column":28}},"68":{"start":{"line":186,"column":8},"end":{"line":186,"column":38}},"69":{"start":{"line":189,"column":8},"end":{"line":189,"column":28}},"70":{"start":{"line":193,"column":8},"end":{"line":193,"column":37}},"71":{"start":{"line":196,"column":8},"end":{"line":196,"column":36}},"72":{"start":{"line":199,"column":8},"end":{"line":199,"column":49}},"73":{"start":{"line":204,"column":8},"end":{"line":204,"column":76}},"74":{"start":{"line":207,"column":8},"end":{"line":207,"column":68}},"75":{"start":{"line":210,"column":8},"end":{"line":210,"column":31}},"76":{"start":{"line":213,"column":8},"end":{"line":213,"column":31}},"77":{"start":{"line":216,"column":8},"end":{"line":216,"column":47}},"78":{"start":{"line":219,"column":8},"end":{"line":219,"column":52}},"79":{"start":{"line":222,"column":8},"end":{"line":222,"column":31}},"80":{"start":{"line":230,"column":8},"end":{"line":230,"column":23}},"81":{"start":{"line":233,"column":8},"end":{"line":233,"column":23}},"82":{"start":{"line":236,"column":8},"end":{"line":236,"column":34}},"83":{"start":{"line":239,"column":8},"end":{"line":239,"column":49}},"84":{"start":{"line":244,"column":8},"end":{"line":244,"column":45}},"85":{"start":{"line":250,"column":8},"end":{"line":250,"column":53}},"86":{"start":{"line":253,"column":8},"end":{"line":253,"column":53}},"87":{"start":{"line":256,"column":8},"end":{"line":256,"column":48}},"88":{"start":{"line":259,"column":8},"end":{"line":259,"column":48}},"89":{"start":{"line":262,"column":8},"end":{"line":262,"column":53}},"90":{"start":{"line":265,"column":8},"end":{"line":265,"column":53}},"91":{"start":{"line":270,"column":8},"end":{"line":270,"column":32}},"92":{"start":{"line":273,"column":8},"end":{"line":273,"column":53}},"93":{"start":{"line":276,"column":8},"end":{"line":276,"column":59}},"94":{"start":{"line":279,"column":8},"end":{"line":279,"column":52}},"95":{"start":{"line":284,"column":8},"end":{"line":284,"column":53}},"96":{"start":{"line":287,"column":8},"end":{"line":287,"column":74}},"97":{"start":{"line":290,"column":8},"end":{"line":290,"column":34}},"98":{"start":{"line":293,"column":8},"end":{"line":293,"column":53}},"99":{"start":{"line":296,"column":8},"end":{"line":296,"column":73}},"100":{"start":{"line":299,"column":8},"end":{"line":299,"column":34}},"101":{"start":{"line":302,"column":8},"end":{"line":302,"column":53}},"102":{"start":{"line":305,"column":8},"end":{"line":305,"column":54}},"103":{"start":{"line":308,"column":8},"end":{"line":308,"column":53}},"104":{"start":{"line":316,"column":8},"end":{"line":316,"column":31}},"105":{"start":{"line":319,"column":8},"end":{"line":319,"column":46}},"106":{"start":{"line":322,"column":8},"end":{"line":322,"column":46}},"107":{"start":{"line":325,"column":8},"end":{"line":325,"column":31}},"108":{"start":{"line":328,"column":8},"end":{"line":328,"column":52}},"109":{"start":{"line":331,"column":8},"end":{"line":331,"column":52}},"110":{"start":{"line":334,"column":8},"end":{"line":334,"column":55}},"111":{"start":{"line":339,"column":8},"end":{"line":339,"column":71}},"112":{"start":{"line":342,"column":8},"end":{"line":342,"column":71}},"113":{"start":{"line":345,"column":8},"end":{"line":345,"column":77}},"114":{"start":{"line":350,"column":16},"end":{"line":352,"column":1}},"115":{"start":{"line":351,"column":4},"end":{"line":351,"column":41}},"116":{"start":{"line":359,"column":23},"end":{"line":359,"column":267}},"117":{"start":{"line":361,"column":20},"end":{"line":361,"column":138}},"118":{"start":{"line":363,"column":20},"end":{"line":363,"column":269}},"119":{"start":{"line":406,"column":19},"end":{"line":406,"column":104}},"120":{"start":{"line":408,"column":24},"end":{"line":408,"column":119}},"121":{"start":{"line":417,"column":0},"end":{"line":486,"column":2}},"122":{"start":{"line":433,"column":21},"end":{"line":436,"column":9}},"123":{"start":{"line":442,"column":8},"end":{"line":447,"column":11}},"124":{"start":{"line":443,"column":12},"end":{"line":443,"column":70}},"125":{"start":{"line":444,"column":12},"end":{"line":444,"column":33}},"126":{"start":{"line":446,"column":12},"end":{"line":446,"column":56}},"127":{"start":{"line":451,"column":17},"end":{"line":451,"column":40}},"128":{"start":{"line":453,"column":8},"end":{"line":459,"column":33}},"129":{"start":{"line":458,"column":12},"end":{"line":458,"column":33}},"130":{"start":{"line":470,"column":22},"end":{"line":474,"column":9}},"131":{"start":{"line":476,"column":20},"end":{"line":476,"column":62}},"132":{"start":{"line":478,"column":8},"end":{"line":484,"column":11}},"133":{"start":{"line":483,"column":12},"end":{"line":483,"column":56}},"134":{"start":{"line":500,"column":19},"end":{"line":500,"column":114}},"135":{"start":{"line":502,"column":13},"end":{"line":502,"column":50}},"136":{"start":{"line":504,"column":21},"end":{"line":504,"column":120}},"137":{"start":{"line":506,"column":13},"end":{"line":506,"column":52}},"138":{"start":{"line":508,"column":19},"end":{"line":508,"column":114}},"139":{"start":{"line":510,"column":13},"end":{"line":510,"column":50}},"140":{"start":{"line":512,"column":15},"end":{"line":512,"column":102}},"141":{"start":{"line":514,"column":16},"end":{"line":514,"column":48}},"142":{"start":{"line":516,"column":12},"end":{"line":516,"column":93}},"143":{"start":{"line":518,"column":13},"end":{"line":518,"column":42}},"144":{"start":{"line":520,"column":12},"end":{"line":520,"column":93}},"145":{"start":{"line":522,"column":13},"end":{"line":522,"column":42}},"146":{"start":{"line":524,"column":39},"end":{"line":524,"column":93}},"147":{"start":{"line":526,"column":40},"end":{"line":526,"column":267}},"148":{"start":{"line":526,"column":69},"end":{"line":526,"column":80}},"149":{"start":{"line":526,"column":103},"end":{"line":526,"column":105}},"150":{"start":{"line":526,"column":107},"end":{"line":526,"column":228}},"151":{"start":{"line":526,"column":126},"end":{"line":526,"column":226}},"152":{"start":{"line":526,"column":149},"end":{"line":526,"column":224}},"153":{"start":{"line":526,"column":201},"end":{"line":526,"column":224}},"154":{"start":{"line":526,"column":229},"end":{"line":526,"column":250}},"155":{"start":{"line":526,"column":251},"end":{"line":526,"column":265}},"156":{"start":{"line":532,"column":0},"end":{"line":532,"column":55}},"157":{"start":{"line":543,"column":25},"end":{"line":559,"column":1}},"158":{"start":{"line":544,"column":4},"end":{"line":558,"column":7}},"159":{"start":{"line":545,"column":8},"end":{"line":556,"column":11}},"160":{"start":{"line":546,"column":12},"end":{"line":555,"column":13}},"161":{"start":{"line":547,"column":16},"end":{"line":554,"column":17}},"162":{"start":{"line":548,"column":20},"end":{"line":553,"column":24}},"163":{"start":{"line":557,"column":8},"end":{"line":557,"column":22}},"164":{"start":{"line":561,"column":25},"end":{"line":581,"column":1}},"165":{"start":{"line":562,"column":4},"end":{"line":580,"column":7}},"166":{"start":{"line":563,"column":8},"end":{"line":579,"column":9}},"167":{"start":{"line":564,"column":12},"end":{"line":577,"column":15}},"168":{"start":{"line":565,"column":16},"end":{"line":576,"column":17}},"169":{"start":{"line":567,"column":20},"end":{"line":575,"column":21}},"170":{"start":{"line":568,"column":37},"end":{"line":568,"column":71}},"171":{"start":{"line":569,"column":24},"end":{"line":574,"column":28}},"172":{"start":{"line":578,"column":12},"end":{"line":578,"column":26}},"173":{"start":{"line":583,"column":0},"end":{"line":645,"column":2}},"174":{"start":{"line":595,"column":8},"end":{"line":628,"column":11}},"175":{"start":{"line":600,"column":12},"end":{"line":600,"column":79}},"176":{"start":{"line":600,"column":54},"end":{"line":600,"column":79}},"177":{"start":{"line":603,"column":12},"end":{"line":627,"column":13}},"178":{"start":{"line":605,"column":28},"end":{"line":605,"column":69}},"179":{"start":{"line":606,"column":20},"end":{"line":609,"column":23}},"180":{"start":{"line":608,"column":24},"end":{"line":608,"column":34}},"181":{"start":{"line":611,"column":20},"end":{"line":611,"column":26}},"182":{"start":{"line":615,"column":20},"end":{"line":623,"column":23}},"183":{"start":{"line":620,"column":24},"end":{"line":620,"column":34}},"184":{"start":{"line":622,"column":24},"end":{"line":622,"column":73}},"185":{"start":{"line":624,"column":20},"end":{"line":624,"column":26}},"186":{"start":{"line":626,"column":20},"end":{"line":626,"column":55}},"187":{"start":{"line":632,"column":8},"end":{"line":641,"column":9}},"188":{"start":{"line":635,"column":12},"end":{"line":635,"column":45}},"189":{"start":{"line":636,"column":12},"end":{"line":636,"column":47}},"190":{"start":{"line":637,"column":12},"end":{"line":637,"column":48}},"191":{"start":{"line":640,"column":12},"end":{"line":640,"column":48}},"192":{"start":{"line":642,"column":8},"end":{"line":642,"column":34}},"193":{"start":{"line":659,"column":0},"end":{"line":661,"column":3}},"194":{"start":{"line":663,"column":19},"end":{"line":663,"column":563}},"195":{"start":{"line":663,"column":76},"end":{"line":663,"column":347}},"196":{"start":{"line":663,"column":134},"end":{"line":663,"column":142}},"197":{"start":{"line":663,"column":144},"end":{"line":663,"column":199}},"198":{"start":{"line":663,"column":200},"end":{"line":663,"column":231}},"199":{"start":{"line":663,"column":232},"end":{"line":663,"column":286}},"200":{"start":{"line":663,"column":259},"end":{"line":663,"column":286}},"201":{"start":{"line":663,"column":287},"end":{"line":663,"column":345}},"202":{"start":{"line":663,"column":350},"end":{"line":663,"column":559}},"203":{"start":{"line":663,"column":407},"end":{"line":663,"column":475}},"204":{"start":{"line":663,"column":423},"end":{"line":663,"column":475}},"205":{"start":{"line":663,"column":476},"end":{"line":663,"column":536}},"206":{"start":{"line":663,"column":493},"end":{"line":663,"column":536}},"207":{"start":{"line":663,"column":537},"end":{"line":663,"column":556}},"208":{"start":{"line":665,"column":15},"end":{"line":665,"column":92}},"209":{"start":{"line":667,"column":15},"end":{"line":667,"column":47}},"210":{"start":{"line":669,"column":12},"end":{"line":669,"column":85}},"211":{"start":{"line":671,"column":13},"end":{"line":671,"column":42}},"212":{"start":{"line":673,"column":39},"end":{"line":673,"column":93}},"213":{"start":{"line":675,"column":50},"end":{"line":675,"column":151}},"214":{"start":{"line":675,"column":92},"end":{"line":675,"column":149}},"215":{"start":{"line":677,"column":50},"end":{"line":677,"column":151}},"216":{"start":{"line":677,"column":63},"end":{"line":677,"column":149}},"217":{"start":{"line":677,"column":152},"end":{"line":677,"column":238}},"218":{"start":{"line":679,"column":43},"end":{"line":679,"column":208}},"219":{"start":{"line":679,"column":106},"end":{"line":679,"column":206}},"220":{"start":{"line":679,"column":209},"end":{"line":679,"column":373}},"221":{"start":{"line":679,"column":374},"end":{"line":679,"column":492}},"222":{"start":{"line":679,"column":390},"end":{"line":679,"column":492}},"223":{"start":{"line":683,"column":14},"end":{"line":852,"column":19}},"224":{"start":{"line":684,"column":4},"end":{"line":684,"column":32}},"225":{"start":{"line":687,"column":8},"end":{"line":687,"column":39}},"226":{"start":{"line":689,"column":20},"end":{"line":689,"column":118}},"227":{"start":{"line":691,"column":8},"end":{"line":691,"column":31}},"228":{"start":{"line":692,"column":8},"end":{"line":692,"column":29}},"229":{"start":{"line":694,"column":8},"end":{"line":694,"column":21}},"230":{"start":{"line":704,"column":4},"end":{"line":849,"column":8}},"231":{"start":{"line":707,"column":12},"end":{"line":707,"column":44}},"232":{"start":{"line":722,"column":12},"end":{"line":722,"column":99}},"233":{"start":{"line":727,"column":12},"end":{"line":727,"column":77}},"234":{"start":{"line":727,"column":65},"end":{"line":727,"column":77}},"235":{"start":{"line":728,"column":12},"end":{"line":728,"column":51}},"236":{"start":{"line":728,"column":38},"end":{"line":728,"column":51}},"237":{"start":{"line":730,"column":12},"end":{"line":730,"column":24}},"238":{"start":{"line":735,"column":12},"end":{"line":755,"column":14}},"239":{"start":{"line":760,"column":30},"end":{"line":760,"column":67}},"240":{"start":{"line":761,"column":25},"end":{"line":761,"column":51}},"241":{"start":{"line":762,"column":26},"end":{"line":762,"column":53}},"242":{"start":{"line":763,"column":12},"end":{"line":763,"column":34}},"243":{"start":{"line":776,"column":12},"end":{"line":776,"column":56}},"244":{"start":{"line":788,"column":12},"end":{"line":791,"column":13}},"245":{"start":{"line":789,"column":16},"end":{"line":789,"column":44}},"246":{"start":{"line":793,"column":12},"end":{"line":797,"column":13}},"247":{"start":{"line":794,"column":16},"end":{"line":796,"column":19}},"248":{"start":{"line":795,"column":20},"end":{"line":795,"column":74}},"249":{"start":{"line":815,"column":12},"end":{"line":815,"column":35}},"250":{"start":{"line":827,"column":22},"end":{"line":827,"column":35}},"251":{"start":{"line":828,"column":12},"end":{"line":828,"column":48}},"252":{"start":{"line":833,"column":12},"end":{"line":833,"column":68}},"253":{"start":{"line":838,"column":12},"end":{"line":838,"column":54}},"254":{"start":{"line":843,"column":12},"end":{"line":847,"column":14}},"255":{"start":{"line":851,"column":4},"end":{"line":851,"column":19}},"256":{"start":{"line":854,"column":0},"end":{"line":854,"column":26}},"257":{"start":{"line":868,"column":0},"end":{"line":870,"column":3}},"258":{"start":{"line":872,"column":19},"end":{"line":872,"column":563}},"259":{"start":{"line":872,"column":76},"end":{"line":872,"column":347}},"260":{"start":{"line":872,"column":134},"end":{"line":872,"column":142}},"261":{"start":{"line":872,"column":144},"end":{"line":872,"column":199}},"262":{"start":{"line":872,"column":200},"end":{"line":872,"column":231}},"263":{"start":{"line":872,"column":232},"end":{"line":872,"column":286}},"264":{"start":{"line":872,"column":259},"end":{"line":872,"column":286}},"265":{"start":{"line":872,"column":287},"end":{"line":872,"column":345}},"266":{"start":{"line":872,"column":350},"end":{"line":872,"column":559}},"267":{"start":{"line":872,"column":407},"end":{"line":872,"column":475}},"268":{"start":{"line":872,"column":423},"end":{"line":872,"column":475}},"269":{"start":{"line":872,"column":476},"end":{"line":872,"column":536}},"270":{"start":{"line":872,"column":493},"end":{"line":872,"column":536}},"271":{"start":{"line":872,"column":537},"end":{"line":872,"column":556}},"272":{"start":{"line":874,"column":11},"end":{"line":874,"column":490}},"273":{"start":{"line":874,"column":54},"end":{"line":874,"column":103}},"274":{"start":{"line":874,"column":75},"end":{"line":874,"column":103}},"275":{"start":{"line":874,"column":115},"end":{"line":874,"column":164}},"276":{"start":{"line":874,"column":166},"end":{"line":874,"column":488}},"277":{"start":{"line":874,"column":205},"end":{"line":874,"column":234}},"278":{"start":{"line":874,"column":236},"end":{"line":874,"column":327}},"279":{"start":{"line":874,"column":259},"end":{"line":874,"column":276}},"280":{"start":{"line":874,"column":286},"end":{"line":874,"column":325}},"281":{"start":{"line":874,"column":335},"end":{"line":874,"column":488}},"282":{"start":{"line":874,"column":358},"end":{"line":874,"column":376}},"283":{"start":{"line":874,"column":399},"end":{"line":874,"column":407}},"284":{"start":{"line":874,"column":409},"end":{"line":874,"column":456}},"285":{"start":{"line":874,"column":437},"end":{"line":874,"column":454}},"286":{"start":{"line":874,"column":457},"end":{"line":874,"column":486}},"287":{"start":{"line":876,"column":15},"end":{"line":876,"column":94}},"288":{"start":{"line":878,"column":16},"end":{"line":878,"column":48}},"289":{"start":{"line":880,"column":13},"end":{"line":880,"column":86}},"290":{"start":{"line":882,"column":13},"end":{"line":882,"column":43}},"291":{"start":{"line":884,"column":39},"end":{"line":884,"column":93}},"292":{"start":{"line":886,"column":50},"end":{"line":886,"column":151}},"293":{"start":{"line":886,"column":92},"end":{"line":886,"column":149}},"294":{"start":{"line":888,"column":50},"end":{"line":888,"column":151}},"295":{"start":{"line":888,"column":63},"end":{"line":888,"column":149}},"296":{"start":{"line":888,"column":152},"end":{"line":888,"column":238}},"297":{"start":{"line":890,"column":43},"end":{"line":890,"column":208}},"298":{"start":{"line":890,"column":106},"end":{"line":890,"column":206}},"299":{"start":{"line":890,"column":209},"end":{"line":890,"column":373}},"300":{"start":{"line":890,"column":374},"end":{"line":890,"column":492}},"301":{"start":{"line":890,"column":390},"end":{"line":890,"column":492}},"302":{"start":{"line":895,"column":11},"end":{"line":1103,"column":17}},"303":{"start":{"line":896,"column":4},"end":{"line":896,"column":27}},"304":{"start":{"line":903,"column":8},"end":{"line":903,"column":36}},"305":{"start":{"line":905,"column":20},"end":{"line":905,"column":112}},"306":{"start":{"line":907,"column":8},"end":{"line":907,"column":52}},"307":{"start":{"line":918,"column":8},"end":{"line":918,"column":36}},"308":{"start":{"line":920,"column":8},"end":{"line":920,"column":26}},"309":{"start":{"line":924,"column":8},"end":{"line":924,"column":28}},"310":{"start":{"line":930,"column":8},"end":{"line":930,"column":29}},"311":{"start":{"line":935,"column":8},"end":{"line":935,"column":27}},"312":{"start":{"line":937,"column":8},"end":{"line":937,"column":25}},"313":{"start":{"line":943,"column":8},"end":{"line":943,"column":34}},"314":{"start":{"line":946,"column":8},"end":{"line":946,"column":21}},"315":{"start":{"line":948,"column":8},"end":{"line":948,"column":19}},"316":{"start":{"line":949,"column":8},"end":{"line":949,"column":19}},"317":{"start":{"line":951,"column":8},"end":{"line":953,"column":9}},"318":{"start":{"line":954,"column":8},"end":{"line":954,"column":21}},"319":{"start":{"line":957,"column":4},"end":{"line":1100,"column":8}},"320":{"start":{"line":971,"column":12},"end":{"line":971,"column":34}},"321":{"start":{"line":976,"column":12},"end":{"line":976,"column":24}},"322":{"start":{"line":995,"column":12},"end":{"line":997,"column":13}},"323":{"start":{"line":996,"column":16},"end":{"line":996,"column":28}},"324":{"start":{"line":998,"column":12},"end":{"line":998,"column":27}},"325":{"start":{"line":1001,"column":12},"end":{"line":1001,"column":24}},"326":{"start":{"line":1016,"column":12},"end":{"line":1018,"column":13}},"327":{"start":{"line":1017,"column":16},"end":{"line":1017,"column":28}},"328":{"start":{"line":1019,"column":12},"end":{"line":1019,"column":30}},"329":{"start":{"line":1032,"column":12},"end":{"line":1034,"column":13}},"330":{"start":{"line":1033,"column":16},"end":{"line":1033,"column":63}},"331":{"start":{"line":1045,"column":12},"end":{"line":1045,"column":69}},"332":{"start":{"line":1047,"column":12},"end":{"line":1049,"column":13}},"333":{"start":{"line":1048,"column":16},"end":{"line":1048,"column":73}},"334":{"start":{"line":1054,"column":12},"end":{"line":1054,"column":43}},"335":{"start":{"line":1066,"column":12},"end":{"line":1066,"column":26}},"336":{"start":{"line":1071,"column":23},"end":{"line":1071,"column":33}},"337":{"start":{"line":1074,"column":12},"end":{"line":1074,"column":64}},"338":{"start":{"line":1089,"column":12},"end":{"line":1089,"column":274}},"339":{"start":{"line":1094,"column":12},"end":{"line":1098,"column":14}},"340":{"start":{"line":1102,"column":4},"end":{"line":1102,"column":16}},"341":{"start":{"line":1105,"column":0},"end":{"line":1105,"column":23}},"342":{"start":{"line":1119,"column":0},"end":{"line":1121,"column":3}},"343":{"start":{"line":1123,"column":19},"end":{"line":1123,"column":563}},"344":{"start":{"line":1123,"column":76},"end":{"line":1123,"column":347}},"345":{"start":{"line":1123,"column":134},"end":{"line":1123,"column":142}},"346":{"start":{"line":1123,"column":144},"end":{"line":1123,"column":199}},"347":{"start":{"line":1123,"column":200},"end":{"line":1123,"column":231}},"348":{"start":{"line":1123,"column":232},"end":{"line":1123,"column":286}},"349":{"start":{"line":1123,"column":259},"end":{"line":1123,"column":286}},"350":{"start":{"line":1123,"column":287},"end":{"line":1123,"column":345}},"351":{"start":{"line":1123,"column":350},"end":{"line":1123,"column":559}},"352":{"start":{"line":1123,"column":407},"end":{"line":1123,"column":475}},"353":{"start":{"line":1123,"column":423},"end":{"line":1123,"column":475}},"354":{"start":{"line":1123,"column":476},"end":{"line":1123,"column":536}},"355":{"start":{"line":1123,"column":493},"end":{"line":1123,"column":536}},"356":{"start":{"line":1123,"column":537},"end":{"line":1123,"column":556}},"357":{"start":{"line":1125,"column":15},"end":{"line":1125,"column":92}},"358":{"start":{"line":1127,"column":15},"end":{"line":1127,"column":47}},"359":{"start":{"line":1129,"column":39},"end":{"line":1129,"column":93}},"360":{"start":{"line":1131,"column":50},"end":{"line":1131,"column":151}},"361":{"start":{"line":1131,"column":92},"end":{"line":1131,"column":149}},"362":{"start":{"line":1133,"column":50},"end":{"line":1133,"column":151}},"363":{"start":{"line":1133,"column":63},"end":{"line":1133,"column":149}},"364":{"start":{"line":1133,"column":152},"end":{"line":1133,"column":238}},"365":{"start":{"line":1135,"column":43},"end":{"line":1135,"column":208}},"366":{"start":{"line":1135,"column":106},"end":{"line":1135,"column":206}},"367":{"start":{"line":1135,"column":209},"end":{"line":1135,"column":373}},"368":{"start":{"line":1135,"column":374},"end":{"line":1135,"column":492}},"369":{"start":{"line":1135,"column":390},"end":{"line":1135,"column":492}},"370":{"start":{"line":1137,"column":22},"end":{"line":1248,"column":19}},"371":{"start":{"line":1138,"column":4},"end":{"line":1138,"column":40}},"372":{"start":{"line":1141,"column":8},"end":{"line":1141,"column":47}},"373":{"start":{"line":1144,"column":20},"end":{"line":1144,"column":134}},"374":{"start":{"line":1146,"column":8},"end":{"line":1146,"column":17}},"375":{"start":{"line":1149,"column":8},"end":{"line":1149,"column":27}},"376":{"start":{"line":1152,"column":8},"end":{"line":1152,"column":24}},"377":{"start":{"line":1155,"column":8},"end":{"line":1155,"column":22}},"378":{"start":{"line":1159,"column":8},"end":{"line":1159,"column":20}},"379":{"start":{"line":1162,"column":8},"end":{"line":1162,"column":23}},"380":{"start":{"line":1165,"column":8},"end":{"line":1165,"column":22}},"381":{"start":{"line":1166,"column":8},"end":{"line":1166,"column":21}},"382":{"start":{"line":1169,"column":4},"end":{"line":1245,"column":8}},"383":{"start":{"line":1178,"column":20},"end":{"line":1178,"column":22}},"384":{"start":{"line":1179,"column":12},"end":{"line":1187,"column":15}},"385":{"start":{"line":1180,"column":16},"end":{"line":1186,"column":19}},"386":{"start":{"line":1189,"column":12},"end":{"line":1189,"column":21}},"387":{"start":{"line":1218,"column":12},"end":{"line":1218,"column":37}},"388":{"start":{"line":1223,"column":22},"end":{"line":1223,"column":43}},"389":{"start":{"line":1224,"column":12},"end":{"line":1224,"column":52}},"390":{"start":{"line":1229,"column":12},"end":{"line":1229,"column":93}},"391":{"start":{"line":1237,"column":12},"end":{"line":1237,"column":993}},"392":{"start":{"line":1242,"column":12},"end":{"line":1243,"column":68}},"393":{"start":{"line":1247,"column":4},"end":{"line":1247,"column":27}},"394":{"start":{"line":1250,"column":0},"end":{"line":1250,"column":34}},"395":{"start":{"line":1264,"column":0},"end":{"line":1266,"column":3}},"396":{"start":{"line":1268,"column":19},"end":{"line":1268,"column":563}},"397":{"start":{"line":1268,"column":76},"end":{"line":1268,"column":347}},"398":{"start":{"line":1268,"column":134},"end":{"line":1268,"column":142}},"399":{"start":{"line":1268,"column":144},"end":{"line":1268,"column":199}},"400":{"start":{"line":1268,"column":200},"end":{"line":1268,"column":231}},"401":{"start":{"line":1268,"column":232},"end":{"line":1268,"column":286}},"402":{"start":{"line":1268,"column":259},"end":{"line":1268,"column":286}},"403":{"start":{"line":1268,"column":287},"end":{"line":1268,"column":345}},"404":{"start":{"line":1268,"column":350},"end":{"line":1268,"column":559}},"405":{"start":{"line":1268,"column":407},"end":{"line":1268,"column":475}},"406":{"start":{"line":1268,"column":423},"end":{"line":1268,"column":475}},"407":{"start":{"line":1268,"column":476},"end":{"line":1268,"column":536}},"408":{"start":{"line":1268,"column":493},"end":{"line":1268,"column":536}},"409":{"start":{"line":1268,"column":537},"end":{"line":1268,"column":556}},"410":{"start":{"line":1270,"column":50},"end":{"line":1270,"column":151}},"411":{"start":{"line":1270,"column":92},"end":{"line":1270,"column":149}},"412":{"start":{"line":1278,"column":13},"end":{"line":1494,"column":3}},"413":{"start":{"line":1280,"column":8},"end":{"line":1280,"column":38}},"414":{"start":{"line":1291,"column":8},"end":{"line":1291,"column":54}},"415":{"start":{"line":1296,"column":8},"end":{"line":1296,"column":19}},"416":{"start":{"line":1298,"column":8},"end":{"line":1298,"column":18}},"417":{"start":{"line":1301,"column":4},"end":{"line":1491,"column":8}},"418":{"start":{"line":1312,"column":12},"end":{"line":1312,"column":25}},"419":{"start":{"line":1332,"column":12},"end":{"line":1332,"column":82}},"420":{"start":{"line":1332,"column":48},"end":{"line":1332,"column":82}},"421":{"start":{"line":1333,"column":12},"end":{"line":1333,"column":47}},"422":{"start":{"line":1334,"column":12},"end":{"line":1334,"column":49}},"423":{"start":{"line":1349,"column":12},"end":{"line":1366,"column":13}},"424":{"start":{"line":1350,"column":36},"end":{"line":1350,"column":54}},"425":{"start":{"line":1352,"column":16},"end":{"line":1357,"column":19}},"426":{"start":{"line":1354,"column":20},"end":{"line":1356,"column":21}},"427":{"start":{"line":1355,"column":24},"end":{"line":1355,"column":43}},"428":{"start":{"line":1360,"column":16},"end":{"line":1365,"column":17}},"429":{"start":{"line":1361,"column":20},"end":{"line":1364,"column":21}},"430":{"start":{"line":1363,"column":24},"end":{"line":1363,"column":53}},"431":{"start":{"line":1370,"column":12},"end":{"line":1370,"column":23}},"432":{"start":{"line":1450,"column":12},"end":{"line":1461,"column":14}},"433":{"start":{"line":1466,"column":12},"end":{"line":1466,"column":138}},"434":{"start":{"line":1477,"column":12},"end":{"line":1477,"column":54}},"435":{"start":{"line":1489,"column":12},"end":{"line":1489,"column":68}},"436":{"start":{"line":1493,"column":4},"end":{"line":1493,"column":18}},"437":{"start":{"line":1496,"column":0},"end":{"line":1496,"column":25}},"438":{"start":{"line":1510,"column":0},"end":{"line":1512,"column":3}},"439":{"start":{"line":1514,"column":21},"end":{"line":1514,"column":663}},"440":{"start":{"line":1514,"column":79},"end":{"line":1514,"column":81}},"441":{"start":{"line":1514,"column":92},"end":{"line":1514,"column":96}},"442":{"start":{"line":1514,"column":107},"end":{"line":1514,"column":112}},"443":{"start":{"line":1514,"column":123},"end":{"line":1514,"column":132}},"444":{"start":{"line":1514,"column":134},"end":{"line":1514,"column":413}},"445":{"start":{"line":1514,"column":140},"end":{"line":1514,"column":283}},"446":{"start":{"line":1514,"column":226},"end":{"line":1514,"column":246}},"447":{"start":{"line":1514,"column":247},"end":{"line":1514,"column":281}},"448":{"start":{"line":1514,"column":275},"end":{"line":1514,"column":281}},"449":{"start":{"line":1514,"column":300},"end":{"line":1514,"column":310}},"450":{"start":{"line":1514,"column":311},"end":{"line":1514,"column":320}},"451":{"start":{"line":1514,"column":333},"end":{"line":1514,"column":411}},"452":{"start":{"line":1514,"column":339},"end":{"line":1514,"column":379}},"453":{"start":{"line":1514,"column":364},"end":{"line":1514,"column":379}},"454":{"start":{"line":1514,"column":392},"end":{"line":1514,"column":409}},"455":{"start":{"line":1514,"column":400},"end":{"line":1514,"column":409}},"456":{"start":{"line":1514,"column":414},"end":{"line":1514,"column":426}},"457":{"start":{"line":1514,"column":429},"end":{"line":1514,"column":659}},"458":{"start":{"line":1514,"column":456},"end":{"line":1514,"column":656}},"459":{"start":{"line":1514,"column":482},"end":{"line":1514,"column":493}},"460":{"start":{"line":1514,"column":501},"end":{"line":1514,"column":656}},"461":{"start":{"line":1514,"column":539},"end":{"line":1514,"column":568}},"462":{"start":{"line":1514,"column":578},"end":{"line":1514,"column":654}},"463":{"start":{"line":1516,"column":19},"end":{"line":1516,"column":563}},"464":{"start":{"line":1516,"column":76},"end":{"line":1516,"column":347}},"465":{"start":{"line":1516,"column":134},"end":{"line":1516,"column":142}},"466":{"start":{"line":1516,"column":144},"end":{"line":1516,"column":199}},"467":{"start":{"line":1516,"column":200},"end":{"line":1516,"column":231}},"468":{"start":{"line":1516,"column":232},"end":{"line":1516,"column":286}},"469":{"start":{"line":1516,"column":259},"end":{"line":1516,"column":286}},"470":{"start":{"line":1516,"column":287},"end":{"line":1516,"column":345}},"471":{"start":{"line":1516,"column":350},"end":{"line":1516,"column":559}},"472":{"start":{"line":1516,"column":407},"end":{"line":1516,"column":475}},"473":{"start":{"line":1516,"column":423},"end":{"line":1516,"column":475}},"474":{"start":{"line":1516,"column":476},"end":{"line":1516,"column":536}},"475":{"start":{"line":1516,"column":493},"end":{"line":1516,"column":536}},"476":{"start":{"line":1516,"column":537},"end":{"line":1516,"column":556}},"477":{"start":{"line":1518,"column":11},"end":{"line":1518,"column":490}},"478":{"start":{"line":1518,"column":54},"end":{"line":1518,"column":103}},"479":{"start":{"line":1518,"column":75},"end":{"line":1518,"column":103}},"480":{"start":{"line":1518,"column":115},"end":{"line":1518,"column":164}},"481":{"start":{"line":1518,"column":166},"end":{"line":1518,"column":488}},"482":{"start":{"line":1518,"column":205},"end":{"line":1518,"column":234}},"483":{"start":{"line":1518,"column":236},"end":{"line":1518,"column":327}},"484":{"start":{"line":1518,"column":259},"end":{"line":1518,"column":276}},"485":{"start":{"line":1518,"column":286},"end":{"line":1518,"column":325}},"486":{"start":{"line":1518,"column":335},"end":{"line":1518,"column":488}},"487":{"start":{"line":1518,"column":358},"end":{"line":1518,"column":376}},"488":{"start":{"line":1518,"column":399},"end":{"line":1518,"column":407}},"489":{"start":{"line":1518,"column":409},"end":{"line":1518,"column":456}},"490":{"start":{"line":1518,"column":437},"end":{"line":1518,"column":454}},"491":{"start":{"line":1518,"column":457},"end":{"line":1518,"column":486}},"492":{"start":{"line":1520,"column":15},"end":{"line":1520,"column":94}},"493":{"start":{"line":1522,"column":16},"end":{"line":1522,"column":48}},"494":{"start":{"line":1524,"column":15},"end":{"line":1524,"column":92}},"495":{"start":{"line":1526,"column":15},"end":{"line":1526,"column":47}},"496":{"start":{"line":1528,"column":39},"end":{"line":1528,"column":93}},"497":{"start":{"line":1530,"column":50},"end":{"line":1530,"column":151}},"498":{"start":{"line":1530,"column":92},"end":{"line":1530,"column":149}},"499":{"start":{"line":1532,"column":50},"end":{"line":1532,"column":151}},"500":{"start":{"line":1532,"column":63},"end":{"line":1532,"column":149}},"501":{"start":{"line":1532,"column":152},"end":{"line":1532,"column":238}},"502":{"start":{"line":1534,"column":43},"end":{"line":1534,"column":208}},"503":{"start":{"line":1534,"column":106},"end":{"line":1534,"column":206}},"504":{"start":{"line":1534,"column":209},"end":{"line":1534,"column":373}},"505":{"start":{"line":1534,"column":374},"end":{"line":1534,"column":492}},"506":{"start":{"line":1534,"column":390},"end":{"line":1534,"column":492}},"507":{"start":{"line":1540,"column":16},"end":{"line":1540,"column":19}},"508":{"start":{"line":1541,"column":22},"end":{"line":1541,"column":23}},"509":{"start":{"line":1542,"column":22},"end":{"line":1542,"column":26}},"510":{"start":{"line":1543,"column":19},"end":{"line":1543,"column":22}},"511":{"start":{"line":1545,"column":11},"end":{"line":1968,"column":19}},"512":{"start":{"line":1546,"column":4},"end":{"line":1546,"column":29}},"513":{"start":{"line":1549,"column":8},"end":{"line":1549,"column":36}},"514":{"start":{"line":1554,"column":20},"end":{"line":1554,"column":112}},"515":{"start":{"line":1556,"column":8},"end":{"line":1556,"column":22}},"516":{"start":{"line":1558,"column":8},"end":{"line":1558,"column":52}},"517":{"start":{"line":1562,"column":8},"end":{"line":1562,"column":28}},"518":{"start":{"line":1575,"column":8},"end":{"line":1575,"column":32}},"519":{"start":{"line":1580,"column":8},"end":{"line":1580,"column":23}},"520":{"start":{"line":1583,"column":8},"end":{"line":1583,"column":19}},"521":{"start":{"line":1589,"column":8},"end":{"line":1589,"column":24}},"522":{"start":{"line":1598,"column":8},"end":{"line":1598,"column":24}},"523":{"start":{"line":1600,"column":8},"end":{"line":1600,"column":25}},"524":{"start":{"line":1602,"column":8},"end":{"line":1602,"column":24}},"525":{"start":{"line":1604,"column":8},"end":{"line":1604,"column":21}},"526":{"start":{"line":1616,"column":4},"end":{"line":1965,"column":8}},"527":{"start":{"line":1624,"column":12},"end":{"line":1624,"column":48}},"528":{"start":{"line":1638,"column":12},"end":{"line":1645,"column":13}},"529":{"start":{"line":1639,"column":25},"end":{"line":1639,"column":29}},"530":{"start":{"line":1640,"column":16},"end":{"line":1644,"column":19}},"531":{"start":{"line":1641,"column":34},"end":{"line":1641,"column":64}},"532":{"start":{"line":1642,"column":20},"end":{"line":1642,"column":44}},"533":{"start":{"line":1643,"column":20},"end":{"line":1643,"column":60}},"534":{"start":{"line":1653,"column":12},"end":{"line":1655,"column":13}},"535":{"start":{"line":1654,"column":16},"end":{"line":1654,"column":32}},"536":{"start":{"line":1660,"column":12},"end":{"line":1660,"column":28}},"537":{"start":{"line":1669,"column":12},"end":{"line":1669,"column":45}},"538":{"start":{"line":1680,"column":12},"end":{"line":1680,"column":34}},"539":{"start":{"line":1690,"column":12},"end":{"line":1690,"column":35}},"540":{"start":{"line":1704,"column":12},"end":{"line":1704,"column":32}},"541":{"start":{"line":1715,"column":12},"end":{"line":1715,"column":59}},"542":{"start":{"line":1720,"column":12},"end":{"line":1720,"column":34}},"543":{"start":{"line":1731,"column":12},"end":{"line":1731,"column":34}},"544":{"start":{"line":1750,"column":12},"end":{"line":1750,"column":46}},"545":{"start":{"line":1755,"column":22},"end":{"line":1755,"column":24}},"546":{"start":{"line":1756,"column":44},"end":{"line":1756,"column":48}},"547":{"start":{"line":1757,"column":36},"end":{"line":1757,"column":41}},"548":{"start":{"line":1758,"column":33},"end":{"line":1758,"column":42}},"549":{"start":{"line":1760,"column":12},"end":{"line":1781,"column":13}},"550":{"start":{"line":1761,"column":16},"end":{"line":1767,"column":17}},"551":{"start":{"line":1762,"column":38},"end":{"line":1762,"column":68}},"552":{"start":{"line":1763,"column":34},"end":{"line":1763,"column":48}},"553":{"start":{"line":1764,"column":34},"end":{"line":1764,"column":48}},"554":{"start":{"line":1766,"column":20},"end":{"line":1766,"column":61}},"555":{"start":{"line":1766,"column":43},"end":{"line":1766,"column":61}},"556":{"start":{"line":1769,"column":16},"end":{"line":1769,"column":41}},"557":{"start":{"line":1770,"column":16},"end":{"line":1770,"column":37}},"558":{"start":{"line":1772,"column":16},"end":{"line":1780,"column":17}},"559":{"start":{"line":1773,"column":20},"end":{"line":1775,"column":21}},"560":{"start":{"line":1774,"column":24},"end":{"line":1774,"column":43}},"561":{"start":{"line":1777,"column":20},"end":{"line":1779,"column":21}},"562":{"start":{"line":1778,"column":24},"end":{"line":1778,"column":45}},"563":{"start":{"line":1783,"column":12},"end":{"line":1783,"column":23}},"564":{"start":{"line":1788,"column":12},"end":{"line":1788,"column":44}},"565":{"start":{"line":1798,"column":12},"end":{"line":1798,"column":90}},"566":{"start":{"line":1814,"column":12},"end":{"line":1814,"column":50}},"567":{"start":{"line":1819,"column":12},"end":{"line":1819,"column":56}},"568":{"start":{"line":1830,"column":12},"end":{"line":1830,"column":40}},"569":{"start":{"line":1837,"column":12},"end":{"line":1839,"column":13}},"570":{"start":{"line":1838,"column":16},"end":{"line":1838,"column":29}},"571":{"start":{"line":1843,"column":12},"end":{"line":1845,"column":13}},"572":{"start":{"line":1844,"column":16},"end":{"line":1844,"column":45}},"573":{"start":{"line":1857,"column":32},"end":{"line":1857,"column":70}},"574":{"start":{"line":1859,"column":12},"end":{"line":1859,"column":64}},"575":{"start":{"line":1860,"column":12},"end":{"line":1860,"column":64}},"576":{"start":{"line":1862,"column":12},"end":{"line":1865,"column":13}},"577":{"start":{"line":1864,"column":16},"end":{"line":1864,"column":30}},"578":{"start":{"line":1867,"column":12},"end":{"line":1871,"column":13}},"579":{"start":{"line":1870,"column":16},"end":{"line":1870,"column":30}},"580":{"start":{"line":1876,"column":12},"end":{"line":1885,"column":13}},"581":{"start":{"line":1878,"column":16},"end":{"line":1884,"column":17}},"582":{"start":{"line":1881,"column":20},"end":{"line":1883,"column":21}},"583":{"start":{"line":1882,"column":24},"end":{"line":1882,"column":41}},"584":{"start":{"line":1891,"column":12},"end":{"line":1891,"column":47}},"585":{"start":{"line":1896,"column":22},"end":{"line":1896,"column":32}},"586":{"start":{"line":1897,"column":12},"end":{"line":1897,"column":63}},"587":{"start":{"line":1903,"column":12},"end":{"line":1903,"column":49}},"588":{"start":{"line":1903,"column":37},"end":{"line":1903,"column":49}},"589":{"start":{"line":1905,"column":12},"end":{"line":1905,"column":49}},"590":{"start":{"line":1905,"column":37},"end":{"line":1905,"column":49}},"591":{"start":{"line":1907,"column":12},"end":{"line":1907,"column":25}},"592":{"start":{"line":1912,"column":12},"end":{"line":1912,"column":29}},"593":{"start":{"line":1924,"column":12},"end":{"line":1924,"column":26}},"594":{"start":{"line":1935,"column":12},"end":{"line":1935,"column":35}},"595":{"start":{"line":1940,"column":12},"end":{"line":1940,"column":157}},"596":{"start":{"line":1952,"column":12},"end":{"line":1952,"column":74}},"597":{"start":{"line":1957,"column":12},"end":{"line":1963,"column":14}},"598":{"start":{"line":1967,"column":4},"end":{"line":1967,"column":16}},"599":{"start":{"line":1970,"column":0},"end":{"line":1970,"column":23}},"600":{"start":{"line":1995,"column":0},"end":{"line":1997,"column":3}},"601":{"start":{"line":1999,"column":19},"end":{"line":1999,"column":563}},"602":{"start":{"line":1999,"column":76},"end":{"line":1999,"column":347}},"603":{"start":{"line":1999,"column":134},"end":{"line":1999,"column":142}},"604":{"start":{"line":1999,"column":144},"end":{"line":1999,"column":199}},"605":{"start":{"line":1999,"column":200},"end":{"line":1999,"column":231}},"606":{"start":{"line":1999,"column":232},"end":{"line":1999,"column":286}},"607":{"start":{"line":1999,"column":259},"end":{"line":1999,"column":286}},"608":{"start":{"line":1999,"column":287},"end":{"line":1999,"column":345}},"609":{"start":{"line":1999,"column":350},"end":{"line":1999,"column":559}},"610":{"start":{"line":1999,"column":407},"end":{"line":1999,"column":475}},"611":{"start":{"line":1999,"column":423},"end":{"line":1999,"column":475}},"612":{"start":{"line":1999,"column":476},"end":{"line":1999,"column":536}},"613":{"start":{"line":1999,"column":493},"end":{"line":1999,"column":536}},"614":{"start":{"line":1999,"column":537},"end":{"line":1999,"column":556}},"615":{"start":{"line":2001,"column":14},"end":{"line":2001,"column":91}},"616":{"start":{"line":2003,"column":15},"end":{"line":2003,"column":46}},"617":{"start":{"line":2005,"column":12},"end":{"line":2005,"column":85}},"618":{"start":{"line":2007,"column":13},"end":{"line":2007,"column":42}},"619":{"start":{"line":2009,"column":39},"end":{"line":2009,"column":93}},"620":{"start":{"line":2011,"column":50},"end":{"line":2011,"column":151}},"621":{"start":{"line":2011,"column":92},"end":{"line":2011,"column":149}},"622":{"start":{"line":2013,"column":16},"end":{"line":2063,"column":3}},"623":{"start":{"line":2015,"column":8},"end":{"line":2015,"column":41}},"624":{"start":{"line":2017,"column":8},"end":{"line":2017,"column":20}},"625":{"start":{"line":2018,"column":8},"end":{"line":2018,"column":20}},"626":{"start":{"line":2019,"column":8},"end":{"line":2019,"column":23}},"627":{"start":{"line":2020,"column":8},"end":{"line":2020,"column":27}},"628":{"start":{"line":2021,"column":8},"end":{"line":2021,"column":25}},"629":{"start":{"line":2022,"column":8},"end":{"line":2022,"column":34}},"630":{"start":{"line":2031,"column":4},"end":{"line":2060,"column":8}},"631":{"start":{"line":2034,"column":12},"end":{"line":2034,"column":88}},"632":{"start":{"line":2034,"column":69},"end":{"line":2034,"column":88}},"633":{"start":{"line":2035,"column":12},"end":{"line":2035,"column":43}},"634":{"start":{"line":2038,"column":12},"end":{"line":2038,"column":28}},"635":{"start":{"line":2043,"column":20},"end":{"line":2043,"column":35}},"636":{"start":{"line":2044,"column":12},"end":{"line":2052,"column":13}},"637":{"start":{"line":2047,"column":16},"end":{"line":2051,"column":19}},"638":{"start":{"line":2048,"column":20},"end":{"line":2050,"column":21}},"639":{"start":{"line":2049,"column":24},"end":{"line":2049,"column":41}},"640":{"start":{"line":2053,"column":12},"end":{"line":2053,"column":21}},"641":{"start":{"line":2058,"column":12},"end":{"line":2058,"column":93}},"642":{"start":{"line":2062,"column":4},"end":{"line":2062,"column":21}},"643":{"start":{"line":2065,"column":0},"end":{"line":2065,"column":28}},"644":{"start":{"line":2079,"column":0},"end":{"line":2081,"column":3}},"645":{"start":{"line":2083,"column":19},"end":{"line":2083,"column":563}},"646":{"start":{"line":2083,"column":76},"end":{"line":2083,"column":347}},"647":{"start":{"line":2083,"column":134},"end":{"line":2083,"column":142}},"648":{"start":{"line":2083,"column":144},"end":{"line":2083,"column":199}},"649":{"start":{"line":2083,"column":200},"end":{"line":2083,"column":231}},"650":{"start":{"line":2083,"column":232},"end":{"line":2083,"column":286}},"651":{"start":{"line":2083,"column":259},"end":{"line":2083,"column":286}},"652":{"start":{"line":2083,"column":287},"end":{"line":2083,"column":345}},"653":{"start":{"line":2083,"column":350},"end":{"line":2083,"column":559}},"654":{"start":{"line":2083,"column":407},"end":{"line":2083,"column":475}},"655":{"start":{"line":2083,"column":423},"end":{"line":2083,"column":475}},"656":{"start":{"line":2083,"column":476},"end":{"line":2083,"column":536}},"657":{"start":{"line":2083,"column":493},"end":{"line":2083,"column":536}},"658":{"start":{"line":2083,"column":537},"end":{"line":2083,"column":556}},"659":{"start":{"line":2085,"column":11},"end":{"line":2085,"column":490}},"660":{"start":{"line":2085,"column":54},"end":{"line":2085,"column":103}},"661":{"start":{"line":2085,"column":75},"end":{"line":2085,"column":103}},"662":{"start":{"line":2085,"column":115},"end":{"line":2085,"column":164}},"663":{"start":{"line":2085,"column":166},"end":{"line":2085,"column":488}},"664":{"start":{"line":2085,"column":205},"end":{"line":2085,"column":234}},"665":{"start":{"line":2085,"column":236},"end":{"line":2085,"column":327}},"666":{"start":{"line":2085,"column":259},"end":{"line":2085,"column":276}},"667":{"start":{"line":2085,"column":286},"end":{"line":2085,"column":325}},"668":{"start":{"line":2085,"column":335},"end":{"line":2085,"column":488}},"669":{"start":{"line":2085,"column":358},"end":{"line":2085,"column":376}},"670":{"start":{"line":2085,"column":399},"end":{"line":2085,"column":407}},"671":{"start":{"line":2085,"column":409},"end":{"line":2085,"column":456}},"672":{"start":{"line":2085,"column":437},"end":{"line":2085,"column":454}},"673":{"start":{"line":2085,"column":457},"end":{"line":2085,"column":486}},"674":{"start":{"line":2087,"column":15},"end":{"line":2087,"column":92}},"675":{"start":{"line":2089,"column":15},"end":{"line":2089,"column":47}},"676":{"start":{"line":2091,"column":39},"end":{"line":2091,"column":93}},"677":{"start":{"line":2093,"column":50},"end":{"line":2093,"column":151}},"678":{"start":{"line":2093,"column":92},"end":{"line":2093,"column":149}},"679":{"start":{"line":2095,"column":50},"end":{"line":2095,"column":151}},"680":{"start":{"line":2095,"column":63},"end":{"line":2095,"column":149}},"681":{"start":{"line":2095,"column":152},"end":{"line":2095,"column":238}},"682":{"start":{"line":2097,"column":43},"end":{"line":2097,"column":208}},"683":{"start":{"line":2097,"column":106},"end":{"line":2097,"column":206}},"684":{"start":{"line":2097,"column":209},"end":{"line":2097,"column":373}},"685":{"start":{"line":2097,"column":374},"end":{"line":2097,"column":492}},"686":{"start":{"line":2097,"column":390},"end":{"line":2097,"column":492}},"687":{"start":{"line":2101,"column":11},"end":{"line":2157,"column":19}},"688":{"start":{"line":2102,"column":4},"end":{"line":2102,"column":29}},"689":{"start":{"line":2109,"column":8},"end":{"line":2109,"column":36}},"690":{"start":{"line":2111,"column":20},"end":{"line":2111,"column":112}},"691":{"start":{"line":2113,"column":8},"end":{"line":2113,"column":19}},"692":{"start":{"line":2114,"column":8},"end":{"line":2114,"column":24}},"693":{"start":{"line":2115,"column":8},"end":{"line":2115,"column":24}},"694":{"start":{"line":2116,"column":8},"end":{"line":2116,"column":31}},"695":{"start":{"line":2117,"column":8},"end":{"line":2117,"column":17}},"696":{"start":{"line":2118,"column":8},"end":{"line":2118,"column":31}},"697":{"start":{"line":2119,"column":8},"end":{"line":2119,"column":21}},"698":{"start":{"line":2131,"column":4},"end":{"line":2154,"column":8}},"699":{"start":{"line":2134,"column":12},"end":{"line":2134,"column":65}},"700":{"start":{"line":2139,"column":20},"end":{"line":2139,"column":30}},"701":{"start":{"line":2140,"column":12},"end":{"line":2140,"column":61}},"702":{"start":{"line":2145,"column":12},"end":{"line":2147,"column":14}},"703":{"start":{"line":2152,"column":12},"end":{"line":2152,"column":160}},"704":{"start":{"line":2156,"column":4},"end":{"line":2156,"column":16}},"705":{"start":{"line":2159,"column":0},"end":{"line":2159,"column":23}},"706":{"start":{"line":2173,"column":0},"end":{"line":2175,"column":3}},"707":{"start":{"line":2177,"column":19},"end":{"line":2177,"column":563}},"708":{"start":{"line":2177,"column":76},"end":{"line":2177,"column":347}},"709":{"start":{"line":2177,"column":134},"end":{"line":2177,"column":142}},"710":{"start":{"line":2177,"column":144},"end":{"line":2177,"column":199}},"711":{"start":{"line":2177,"column":200},"end":{"line":2177,"column":231}},"712":{"start":{"line":2177,"column":232},"end":{"line":2177,"column":286}},"713":{"start":{"line":2177,"column":259},"end":{"line":2177,"column":286}},"714":{"start":{"line":2177,"column":287},"end":{"line":2177,"column":345}},"715":{"start":{"line":2177,"column":350},"end":{"line":2177,"column":559}},"716":{"start":{"line":2177,"column":407},"end":{"line":2177,"column":475}},"717":{"start":{"line":2177,"column":423},"end":{"line":2177,"column":475}},"718":{"start":{"line":2177,"column":476},"end":{"line":2177,"column":536}},"719":{"start":{"line":2177,"column":493},"end":{"line":2177,"column":536}},"720":{"start":{"line":2177,"column":537},"end":{"line":2177,"column":556}},"721":{"start":{"line":2179,"column":50},"end":{"line":2179,"column":151}},"722":{"start":{"line":2179,"column":92},"end":{"line":2179,"column":149}},"723":{"start":{"line":2185,"column":11},"end":{"line":2258,"column":3}},"724":{"start":{"line":2187,"column":21},"end":{"line":2187,"column":93}},"725":{"start":{"line":2188,"column":23},"end":{"line":2188,"column":93}},"726":{"start":{"line":2190,"column":8},"end":{"line":2190,"column":36}},"727":{"start":{"line":2193,"column":8},"end":{"line":2193,"column":29}},"728":{"start":{"line":2199,"column":8},"end":{"line":2199,"column":16}},"729":{"start":{"line":2208,"column":8},"end":{"line":2208,"column":25}},"730":{"start":{"line":2216,"column":8},"end":{"line":2216,"column":29}},"731":{"start":{"line":2222,"column":8},"end":{"line":2222,"column":33}},"732":{"start":{"line":2225,"column":4},"end":{"line":2255,"column":8}},"733":{"start":{"line":2229,"column":12},"end":{"line":2231,"column":13}},"734":{"start":{"line":2230,"column":16},"end":{"line":2230,"column":28}},"735":{"start":{"line":2236,"column":12},"end":{"line":2238,"column":13}},"736":{"start":{"line":2237,"column":16},"end":{"line":2237,"column":28}},"737":{"start":{"line":2239,"column":12},"end":{"line":2239,"column":25}},"738":{"start":{"line":2244,"column":22},"end":{"line":2244,"column":94}},"739":{"start":{"line":2247,"column":12},"end":{"line":2247,"column":36}},"740":{"start":{"line":2250,"column":12},"end":{"line":2253,"column":13}},"741":{"start":{"line":2252,"column":16},"end":{"line":2252,"column":41}},"742":{"start":{"line":2257,"column":4},"end":{"line":2257,"column":16}},"743":{"start":{"line":2260,"column":0},"end":{"line":2260,"column":23}},"744":{"start":{"line":2274,"column":0},"end":{"line":2276,"column":3}},"745":{"start":{"line":2277,"column":0},"end":{"line":2277,"column":96}},"746":{"start":{"line":2279,"column":12},"end":{"line":2279,"column":85}},"747":{"start":{"line":2281,"column":13},"end":{"line":2281,"column":42}},"748":{"start":{"line":2283,"column":12},"end":{"line":2283,"column":85}},"749":{"start":{"line":2285,"column":13},"end":{"line":2285,"column":42}},"750":{"start":{"line":2287,"column":15},"end":{"line":2287,"column":94}},"751":{"start":{"line":2289,"column":16},"end":{"line":2289,"column":48}},"752":{"start":{"line":2291,"column":39},"end":{"line":2291,"column":93}},"753":{"start":{"line":2293,"column":14},"end":{"line":2309,"column":1}},"754":{"start":{"line":2294,"column":4},"end":{"line":2308,"column":27}},"755":{"start":{"line":2295,"column":23},"end":{"line":2304,"column":9}},"756":{"start":{"line":2296,"column":12},"end":{"line":2296,"column":53}},"757":{"start":{"line":2296,"column":33},"end":{"line":2296,"column":53}},"758":{"start":{"line":2298,"column":12},"end":{"line":2302,"column":13}},"759":{"start":{"line":2299,"column":16},"end":{"line":2299,"column":42}},"760":{"start":{"line":2301,"column":16},"end":{"line":2301,"column":28}},"761":{"start":{"line":2303,"column":12},"end":{"line":2303,"column":25}},"762":{"start":{"line":2305,"column":8},"end":{"line":2305,"column":44}},"763":{"start":{"line":2306,"column":21},"end":{"line":2306,"column":38}},"764":{"start":{"line":2307,"column":8},"end":{"line":2307,"column":22}},"765":{"start":{"line":2314,"column":17},"end":{"line":2334,"column":1}},"766":{"start":{"line":2316,"column":4},"end":{"line":2333,"column":13}},"767":{"start":{"line":2318,"column":8},"end":{"line":2323,"column":9}},"768":{"start":{"line":2322,"column":12},"end":{"line":2322,"column":45}},"769":{"start":{"line":2327,"column":8},"end":{"line":2330,"column":9}},"770":{"start":{"line":2329,"column":12},"end":{"line":2329,"column":31}},"771":{"start":{"line":2336,"column":17},"end":{"line":2349,"column":1}},"772":{"start":{"line":2337,"column":16},"end":{"line":2337,"column":18}},"773":{"start":{"line":2338,"column":4},"end":{"line":2338,"column":21}},"774":{"start":{"line":2339,"column":22},"end":{"line":2339,"column":33}},"775":{"start":{"line":2341,"column":4},"end":{"line":2348,"column":5}},"776":{"start":{"line":2342,"column":8},"end":{"line":2344,"column":9}},"777":{"start":{"line":2343,"column":12},"end":{"line":2343,"column":48}},"778":{"start":{"line":2346,"column":8},"end":{"line":2346,"column":30}},"779":{"start":{"line":2347,"column":8},"end":{"line":2347,"column":34}},"780":{"start":{"line":2357,"column":22},"end":{"line":2373,"column":1}},"781":{"start":{"line":2358,"column":4},"end":{"line":2372,"column":5}},"782":{"start":{"line":2360,"column":12},"end":{"line":2360,"column":49}},"783":{"start":{"line":2361,"column":12},"end":{"line":2361,"column":18}},"784":{"start":{"line":2363,"column":12},"end":{"line":2363,"column":57}},"785":{"start":{"line":2364,"column":12},"end":{"line":2364,"column":18}},"786":{"start":{"line":2366,"column":12},"end":{"line":2366,"column":57}},"787":{"start":{"line":2367,"column":12},"end":{"line":2367,"column":18}},"788":{"start":{"line":2369,"column":12},"end":{"line":2369,"column":44}},"789":{"start":{"line":2371,"column":12},"end":{"line":2371,"column":44}},"790":{"start":{"line":2387,"column":0},"end":{"line":2389,"column":3}},"791":{"start":{"line":2391,"column":19},"end":{"line":2391,"column":563}},"792":{"start":{"line":2391,"column":76},"end":{"line":2391,"column":347}},"793":{"start":{"line":2391,"column":134},"end":{"line":2391,"column":142}},"794":{"start":{"line":2391,"column":144},"end":{"line":2391,"column":199}},"795":{"start":{"line":2391,"column":200},"end":{"line":2391,"column":231}},"796":{"start":{"line":2391,"column":232},"end":{"line":2391,"column":286}},"797":{"start":{"line":2391,"column":259},"end":{"line":2391,"column":286}},"798":{"start":{"line":2391,"column":287},"end":{"line":2391,"column":345}},"799":{"start":{"line":2391,"column":350},"end":{"line":2391,"column":559}},"800":{"start":{"line":2391,"column":407},"end":{"line":2391,"column":475}},"801":{"start":{"line":2391,"column":423},"end":{"line":2391,"column":475}},"802":{"start":{"line":2391,"column":476},"end":{"line":2391,"column":536}},"803":{"start":{"line":2391,"column":493},"end":{"line":2391,"column":536}},"804":{"start":{"line":2391,"column":537},"end":{"line":2391,"column":556}},"805":{"start":{"line":2393,"column":15},"end":{"line":2393,"column":92}},"806":{"start":{"line":2395,"column":15},"end":{"line":2395,"column":47}},"807":{"start":{"line":2397,"column":39},"end":{"line":2397,"column":93}},"808":{"start":{"line":2399,"column":50},"end":{"line":2399,"column":151}},"809":{"start":{"line":2399,"column":92},"end":{"line":2399,"column":149}},"810":{"start":{"line":2401,"column":50},"end":{"line":2401,"column":151}},"811":{"start":{"line":2401,"column":63},"end":{"line":2401,"column":149}},"812":{"start":{"line":2401,"column":152},"end":{"line":2401,"column":238}},"813":{"start":{"line":2403,"column":43},"end":{"line":2403,"column":208}},"814":{"start":{"line":2403,"column":106},"end":{"line":2403,"column":206}},"815":{"start":{"line":2403,"column":209},"end":{"line":2403,"column":373}},"816":{"start":{"line":2403,"column":374},"end":{"line":2403,"column":492}},"817":{"start":{"line":2403,"column":390},"end":{"line":2403,"column":492}},"818":{"start":{"line":2405,"column":11},"end":{"line":2494,"column":19}},"819":{"start":{"line":2406,"column":4},"end":{"line":2406,"column":29}},"820":{"start":{"line":2409,"column":8},"end":{"line":2409,"column":36}},"821":{"start":{"line":2414,"column":20},"end":{"line":2414,"column":112}},"822":{"start":{"line":2416,"column":8},"end":{"line":2416,"column":22}},"823":{"start":{"line":2418,"column":8},"end":{"line":2418,"column":24}},"824":{"start":{"line":2420,"column":8},"end":{"line":2420,"column":24}},"825":{"start":{"line":2422,"column":8},"end":{"line":2422,"column":28}},"826":{"start":{"line":2424,"column":8},"end":{"line":2424,"column":25}},"827":{"start":{"line":2426,"column":8},"end":{"line":2426,"column":29}},"828":{"start":{"line":2428,"column":8},"end":{"line":2428,"column":29}},"829":{"start":{"line":2430,"column":8},"end":{"line":2430,"column":48}},"830":{"start":{"line":2431,"column":8},"end":{"line":2431,"column":21}},"831":{"start":{"line":2441,"column":4},"end":{"line":2491,"column":8}},"832":{"start":{"line":2444,"column":22},"end":{"line":2444,"column":35}},"833":{"start":{"line":2445,"column":24},"end":{"line":2445,"column":42}},"834":{"start":{"line":2447,"column":12},"end":{"line":2447,"column":25}},"835":{"start":{"line":2452,"column":12},"end":{"line":2458,"column":14}},"836":{"start":{"line":2470,"column":12},"end":{"line":2470,"column":26}},"837":{"start":{"line":2475,"column":22},"end":{"line":2475,"column":32}},"838":{"start":{"line":2476,"column":12},"end":{"line":2476,"column":63}},"839":{"start":{"line":2481,"column":12},"end":{"line":2481,"column":139}},"840":{"start":{"line":2486,"column":12},"end":{"line":2489,"column":14}},"841":{"start":{"line":2493,"column":4},"end":{"line":2493,"column":16}},"842":{"start":{"line":2496,"column":0},"end":{"line":2496,"column":23}},"843":{"start":{"line":2510,"column":0},"end":{"line":2512,"column":3}},"844":{"start":{"line":2514,"column":19},"end":{"line":2514,"column":563}},"845":{"start":{"line":2514,"column":76},"end":{"line":2514,"column":347}},"846":{"start":{"line":2514,"column":134},"end":{"line":2514,"column":142}},"847":{"start":{"line":2514,"column":144},"end":{"line":2514,"column":199}},"848":{"start":{"line":2514,"column":200},"end":{"line":2514,"column":231}},"849":{"start":{"line":2514,"column":232},"end":{"line":2514,"column":286}},"850":{"start":{"line":2514,"column":259},"end":{"line":2514,"column":286}},"851":{"start":{"line":2514,"column":287},"end":{"line":2514,"column":345}},"852":{"start":{"line":2514,"column":350},"end":{"line":2514,"column":559}},"853":{"start":{"line":2514,"column":407},"end":{"line":2514,"column":475}},"854":{"start":{"line":2514,"column":423},"end":{"line":2514,"column":475}},"855":{"start":{"line":2514,"column":476},"end":{"line":2514,"column":536}},"856":{"start":{"line":2514,"column":493},"end":{"line":2514,"column":536}},"857":{"start":{"line":2514,"column":537},"end":{"line":2514,"column":556}},"858":{"start":{"line":2516,"column":12},"end":{"line":2516,"column":85}},"859":{"start":{"line":2518,"column":13},"end":{"line":2518,"column":42}},"860":{"start":{"line":2520,"column":15},"end":{"line":2520,"column":92}},"861":{"start":{"line":2522,"column":15},"end":{"line":2522,"column":47}},"862":{"start":{"line":2524,"column":39},"end":{"line":2524,"column":93}},"863":{"start":{"line":2526,"column":50},"end":{"line":2526,"column":151}},"864":{"start":{"line":2526,"column":92},"end":{"line":2526,"column":149}},"865":{"start":{"line":2528,"column":50},"end":{"line":2528,"column":151}},"866":{"start":{"line":2528,"column":63},"end":{"line":2528,"column":149}},"867":{"start":{"line":2528,"column":152},"end":{"line":2528,"column":238}},"868":{"start":{"line":2530,"column":43},"end":{"line":2530,"column":208}},"869":{"start":{"line":2530,"column":106},"end":{"line":2530,"column":206}},"870":{"start":{"line":2530,"column":209},"end":{"line":2530,"column":373}},"871":{"start":{"line":2530,"column":374},"end":{"line":2530,"column":492}},"872":{"start":{"line":2530,"column":390},"end":{"line":2530,"column":492}},"873":{"start":{"line":2540,"column":14},"end":{"line":2820,"column":19}},"874":{"start":{"line":2541,"column":4},"end":{"line":2541,"column":32}},"875":{"start":{"line":2544,"column":8},"end":{"line":2544,"column":39}},"876":{"start":{"line":2547,"column":20},"end":{"line":2547,"column":118}},"877":{"start":{"line":2549,"column":8},"end":{"line":2549,"column":18}},"878":{"start":{"line":2551,"column":8},"end":{"line":2551,"column":21}},"879":{"start":{"line":2554,"column":8},"end":{"line":2554,"column":23}},"880":{"start":{"line":2556,"column":8},"end":{"line":2556,"column":26}},"881":{"start":{"line":2559,"column":8},"end":{"line":2559,"column":37}},"882":{"start":{"line":2565,"column":8},"end":{"line":2565,"column":22}},"883":{"start":{"line":2568,"column":8},"end":{"line":2568,"column":19}},"884":{"start":{"line":2571,"column":8},"end":{"line":2571,"column":18}},"885":{"start":{"line":2574,"column":8},"end":{"line":2574,"column":19}},"886":{"start":{"line":2577,"column":8},"end":{"line":2577,"column":21}},"887":{"start":{"line":2579,"column":8},"end":{"line":2579,"column":18}},"888":{"start":{"line":2580,"column":8},"end":{"line":2580,"column":20}},"889":{"start":{"line":2581,"column":8},"end":{"line":2581,"column":22}},"890":{"start":{"line":2582,"column":8},"end":{"line":2582,"column":21}},"891":{"start":{"line":2584,"column":8},"end":{"li
[...]
9":0,"3120":1,"3121":1,"3122":1,"3123":1,"3124":1,"3125":1,"3126":1,"3127":1,"3128":1,"3129":1,"3130":1,"3131":1,"3132":1,"3133":1,"3134":1,"3135":1,"3136":4,"3137":1,"3138":1,"3139":1,"3140":1,"3141":1,"3142":1,"3143":1,"3144":0,"3145":0,"3146":0,"3147":0,"3148":0,"3149":0,"3150":0,"3151":0,"3152":0,"3153":0,"3154":0,"3155":0,"3156":0,"3157":0,"3158":0,"3159":0,"3160":0,"3161":1,"3162":1,"3163":1,"3164":1,"3165":1,"3166":1,"3167":1,"3168":1,"3169":1,"3170":1,"3171":1,"3172":1,"3173":1,"3174":1,"3175":1,"3176":8,"3177":8,"3178":8,"3179":8,"3180":8,"3181":8,"3182":8,"3183":8,"3184":8,"3185":40,"3186":40,"3187":0,"3188":0,"3189":8,"3190":8,"3191":0,"3192":8,"3193":0,"3194":8,"3195":1,"3196":1,"3197":1,"3198":1,"3199":1,"3200":1,"3201":1,"3202":1,"3203":1,"3204":1,"3205":5,"3206":5,"3207":5,"3208":5,"3209":5,"3210":5,"3211":25,"3212":25,"3213":25,"3214":25,"3215":1,"3216":1,"3217":1,"3218":1,"3219":1,"3220":1,"3221":1,"3222":1,"3223":1,"3224":1,"3225":1,"3226":1,"3227":1,"3228":1,"3229":1,"3230":1,"3231":1,"3232":1,"3233":1,"3234":1,"3235":1,"3236":1,"3237":1,"3238":1,"3239":1,"3240":1,"3241":1,"3242":1,"3243":1,"3244":1,"3245":1,"3246":1,"3247":1,"3248":2,"3249":1,"3250":1,"3251":1,"3252":1,"3253":1,"3254":1,"3255":1,"3256":1,"3257":1,"3258":1,"3259":1,"3260":1,"3261":1,"3262":1,"3263":1,"3264":1,"3265":1,"3266":1,"3267":1,"3268":1,"3269":1,"3270":1,"3271":1,"3272":1,"3273":1,"3274":7,"3275":7,"3276":7,"3277":7,"3278":7,"3279":7,"3280":7,"3281":7,"3282":7,"3283":35,"3284":35,"3285":0,"3286":0,"3287":7,"3288":7,"3289":0,"3290":7,"3291":0,"3292":7,"3293":7,"3294":7,"3295":7,"3296":7,"3297":7,"3298":1,"3299":1,"3300":1,"3301":1,"3302":1,"3303":1,"3304":1,"3305":1,"3306":1,"3307":1,"3308":1,"3309":1,"3310":1,"3311":1,"3312":1,"3313":1,"3314":1,"3315":1,"3316":1,"3317":1,"3318":1,"3319":1,"3320":1,"3321":1,"3322":1,"3323":1,"3324":1,"3325":1,"3326":1,"3327":1,"3328":1,"3329":1,"3330":1,"3331":1,"3332":1,"3333":1,"3334":1,"3335":1,"3336":1,"3337":1,"3338":1,"3339":1,"3340":1,"3341":1,"3342":1,"3343":1,"3344":1,"3345":1,"3346":1,"3347":1,"3348":1,"3349":1,"3350":1,"3351":1,"3352":1,"3353":1,"3354":1,"3355":1,"3356":1,"3357":1,"3358":1,"3359":1,"3360":1,"3361":1,"3362":0,"3363":1,"3364":1,"3365":1,"3366":1,"3367":1,"3368":1,"3369":1,"3370":1,"3371":1,"3372":1,"3373":1,"3374":1,"3375":1,"3376":1,"3377":1,"3378":1,"3379":1,"3380":1,"3381":1,"3382":1,"3383":1,"3384":1,"3385":1,"3386":1,"3387":1,"3388":1,"3389":1,"3390":1,"3391":1,"3392":1,"3393":1,"3394":1,"3395":1,"3396":1,"3397":1,"3398":1,"3399":1,"3400":1,"3401":1,"3402":1,"3403":1,"3404":1,"3405":1,"3406":1,"3407":1,"3408":1,"3409":1,"3410":1,"3411":1,"3412":1,"3413":1,"3414":1,"3415":1,"3416":1,"3417":1,"3418":1,"3419":1,"3420":1,"3421":1,"3422":1,"3423":1,"3424":1,"3425":1,"3426":1,"3427":1,"3428":1,"3429":1,"3430":1,"3431":1,"3432":1,"3433":1,"3434":1,"3435":1,"3436":1,"3437":1,"3438":1,"3439":1,"3440":1,"3441":2,"3442":1,"3443":1,"3444":0,"3445":0,"3446":0,"3447":0,"3448":0,"3449":0,"3450":0,"3451":1,"3452":1,"3453":1,"3454":1,"3455":1,"3456":1,"3457":1,"3458":1,"3459":1,"3460":1,"3461":1,"3462":1,"3463":1,"3464":1,"3465":1,"3466":1,"3467":1,"3468":1,"3469":1,"3470":1,"3471":1,"3472":1,"3473":1,"3474":1,"3475":1,"3476":1,"3477":1,"3478":1,"3479":1,"3480":1,"3481":1,"3482":1,"3483":1,"3484":1,"3485":1,"3486":1,"3487":1,"3488":1,"3489":1,"3490":1,"3491":1,"3492":1,"3493":1,"3494":1,"3495":1,"3496":1,"3497":5,"3498":5,"3499":5,"3500":5,"3501":5,"3502":5,"3503":0,"3504":0,"3505":5,"3506":1,"3507":1,"3508":1,"3509":0,"3510":1,"3511":1,"3512":1,"3513":0,"3514":0,"3515":0,"3516":0,"3517":0,"3518":0,"3519":0,"3520":0,"3521":0,"3522":0,"3523":0,"3524":0,"3525":0,"3526":0,"3527":0,"3528":0,"3529":0,"3530":1,"3531":1,"3532":1,"3533":1,"3534":1,"3535":3,"3536":1,"3537":1,"3538":1,"3539":1,"3540":1,"3541":1,"3542":3,"3543":1,"3544":1,"3545":1,"3546":1,"3547":1,"3548":1,"3549":1,"3550":1,"3551":1,"3552":1,"3553":1,"3554":1,"3555":1,"3556":1,"3557":1,"3558":1,"3559":3,"3560":1,"3561":0,"3562":0,"3563":0,"3564":0,"3565":0,"3566":0,"3567":0,"3568":0,"3569":1,"3570":0,"3571":0,"3572":0,"3573":0,"3574":0,"3575":0,"3576":0,"3577":1,"3578":0,"3579":0,"3580":0,"3581":0,"3582":0,"3583":0,"3584":0,"3585":0,"3586":0,"3587":0,"3588":0,"3589":0,"3590":0,"3591":0,"3592":0,"3593":0,"3594":0,"3595":1,"3596":0,"3597":1,"3598":0,"3599":0,"3600":1,"3601":0,"3602":0,"3603":1,"3604":1,"3605":1,"3606":0,"3607":0,"3608":1,"3609":1,"3610":1,"3611":1,"3612":1,"3613":1,"3614":1,"3615":1,"3616":1,"3617":1,"3618":1,"3619":1,"3620":1,"3621":1,"3622":1,"3623":1,"3624":1,"3625":1,"3626":0,"3627":0,"3628":0,"3629":0,"3630":0,"3631":0,"3632":0,"3633":7,"3634":1,"3635":1,"3636":1,"3637":1,"3638":0,"3639":0,"3640":0,"3641":0,"3642":0,"3643":0,"3644":0,"3645":0,"3646":0,"3647":0,"3648":0,"3649":0,"3650":0,"3651":0,"3652":0,"3653":0,"3654":0,"3655":0,"3656":0,"3657":0,"3658":0,"3659":0,"3660":0,"3661":0,"3662":0,"3663":0,"3664":0,"3665":0,"3666":0,"3667":0,"3668":0,"3669":0,"3670":0,"3671":0,"3672":0,"3673":0,"3674":0,"3675":1,"3676":0,"3677":0,"3678":1,"3679":0,"3680":1,"3681":0,"3682":1,"3683":0,"3684":0,"3685":0,"3686":0,"3687":0,"3688":0,"3689":0,"3690":0,"3691":0,"3692":0,"3693":0,"3694":0,"3695":0,"3696":0,"3697":0,"3698":0,"3699":0,"3700":0,"3701":0,"3702":0,"3703":0,"3704":0,"3705":0,"3706":0,"3707":0,"3708":0,"3709":0,"3710":0,"3711":0,"3712":0,"3713":0,"3714":0,"3715":0,"3716":0,"3717":0,"3718":0,"3719":0,"3720":0,"3721":1,"3722":1,"3723":1,"3724":1},"f":{"0":1,"1":269,"2":0,"3":0,"4":0,"5":0,"6":0,"7":0,"8":0,"9":0,"10":1,"11":1,"12":12,"13":12,"14":1,"15":1,"16":1,"17":0,"18":0,"19":0,"20":0,"21":0,"22":0,"23":0,"24":0,"25":0,"26":0,"27":0,"28":0,"29":0,"30":0,"31":0,"32":0,"33":0,"34":0,"35":0,"36":0,"37":0,"38":0,"39":0,"40":0,"41":0,"42":0,"43":0,"44":0,"45":0,"46":0,"47":0,"48":0,"49":0,"50":0,"51":0,"52":0,"53":0,"54":0,"55":0,"56":0,"57":0,"58":0,"59":0,"60":0,"61":0,"62":0,"63":0,"64":0,"65":0,"66":6,"67":1,"68":1,"69":0,"70":0,"71":1,"72":0,"73":0,"74":0,"75":0,"76":0,"77":1,"78":3,"79":3,"80":0,"81":0,"82":0,"83":0,"84":0,"85":0,"86":0,"87":0,"88":0,"89":0,"90":0,"91":0,"92":1,"93":1,"94":2,"95":1,"96":2,"97":4800,"98":4800,"99":1,"100":1,"101":4800,"102":0,"103":0,"104":0,"105":0,"106":0,"107":971,"108":4800,"109":0,"110":4800,"111":960,"112":4800,"113":0,"114":1,"115":1,"116":2,"117":1,"118":0,"119":2,"120":11,"121":11,"122":1,"123":1,"124":11,"125":0,"126":0,"127":0,"128":0,"129":0,"130":0,"131":0,"132":0,"133":0,"134":0,"135":0,"136":0,"137":1,"138":1,"139":1,"140":1,"141":1,"142":0,"143":0,"144":1,"145":1,"146":0,"147":0,"148":0,"149":0,"150":0,"151":0,"152":0,"153":0,"154":0,"155":1,"156":1,"157":2,"158":1,"159":5816,"160":1,"161":5816,"162":0,"163":5816,"164":4837,"165":19829,"166":0,"167":37,"168":0,"169":0,"170":1,"171":1,"172":0,"173":0,"174":1,"175":2,"176":1,"177":37,"178":2,"179":960,"180":960,"181":1,"182":1,"183":960,"184":4800,"185":6,"186":0,"187":0,"188":0,"189":0,"190":0,"191":0,"192":0,"193":0,"194":0,"195":0,"196":0,"197":0,"198":0,"199":0,"200":0,"201":0,"202":0,"203":0,"204":0,"205":37,"206":0,"207":0,"208":0,"209":0,"210":37,"211":0,"212":37,"213":1,"214":1,"215":2,"216":1,"217":2,"218":0,"219":1,"220":0,"221":0,"222":0,"223":0,"224":0,"225":0,"226":1,"227":1,"228":2,"229":1,"230":0,"231":1,"232":0,"233":0,"234":1,"235":1,"236":0,"237":0,"238":0,"239":0,"240":0,"241":1,"242":1,"243":1,"244":1,"245":847,"246":1,"247":847,"248":0,"249":0,"250":1,"251":3,"252":12,"253":12,"254":345,"255":13,"256":376,"257":0,"258":2,"259":1,"260":1,"261":2,"262":1,"263":1,"264":0,"265":0,"266":1,"267":1,"268":0,"269":0,"270":0,"271":0,"272":0,"273":0,"274":0,"275":1,"276":1,"277":2,"278":1,"279":2,"280":56,"281":56,"282":1,"283":1,"284":56,"285":0,"286":0,"287":1,"288":1,"289":1,"290":0,"291":0,"292":0,"293":0,"294":0,"295":6,"296":14,"297":6,"298":12,"299":0,"300":56,"301":1232,"302":17,"303":56,"304":56,"305":1,"306":1,"307":2,"308":1,"309":1,"310":0,"311":0,"312":1,"313":1,"314":0,"315":0,"316":0,"317":0,"318":0,"319":0,"320":0,"321":0,"322":0,"323":0,"324":0,"325":0,"326":0,"327":0,"328":1,"329":1,"330":2,"331":1,"332":1,"333":0,"334":0,"335":1,"336":0,"337":1,"338":0,"339":0,"340":0,"341":0,"342":0,"343":0,"344":0,"345":0,"346":0,"347":0,"348":0,"349":0,"350":0,"351":0,"352":0,"353":0,"354":0,"355":0,"356":0,"357":1,"358":1,"359":2,"360":1,"361":1,"362":0,"363":0,"364":1,"365":1,"366":0,"367":0,"368":0,"369":0,"370":0,"371":0,"372":0,"373":0,"374":0,"375":0,"376":0,"377":1,"378":1,"379":1,"380":0,"381":8,"382":3,"383":9,"384":1,"385":1,"386":3,"387":1,"388":3,"389":3,"390":2,"391":7,"392":1,"393":1,"394":0,"395":0,"396":0,"397":0,"398":0,"399":0,"400":0,"401":0,"402":0,"403":0,"404":1,"405":5,"406":3,"407":1,"408":0,"409":0,"410":0,"411":1,"412":1,"413":0,"414":0,"415":1,"416":1,"417":1,"418":2,"419":6,"420":2,"421":6,"422":3,"423":9,"424":1,"425":3,"426":3,"427":3,"428":1,"429":1,"430":1,"431":1,"432":1,"433":1,"434":1,"435":1,"436":1,"437":1,"438":1,"439":0,"440":0,"441":3,"442":3,"443":11,"444":0,"445":6,"446":1,"447":0,"448":0,"449":1,"450":2,"451":6,"452":2,"453":6,"454":6,"455":18,"456":2,"457":6,"458":6,"459":18,"460":3,"461":5,"462":5,"463":9,"464":1,"465":0,"466":0,"467":1,"468":8,"469":3,"470":0,"471":0,"472":1,"473":3,"474":4,"475":10,"476":1,"477":0,"478":1,"479":0,"480":1,"481":0,"482":0,"483":2,"484":2,"485":0,"486":1,"487":0,"488":0,"489":0,"490":0,"491":1,"492":1,"493":4,"494":3,"495":3,"496":2,"497":2,"498":0,"499":1,"500":1,"501":1,"502":0,"503":1,"504":4,"505":3,"506":8,"507":2,"508":2,"509":1,"510":1,"511":1,"512":31,"513":4,"514":4,"515":4,"516":2,"517":2,"518":0,"519":0,"520":0,"521":0,"522":0,"523":0,"524":0,"525":1,"526":4,"527":1,"528":4,"529":3,"530":7,"531":4,"532":2,"533":1,"534":1,"535":1,"536":1,"537":1,"538":0,"539":1,"540":4,"541":3,"542":1,"543":1,"544":1,"545":1,"546":1,"547":2,"548":2,"549":6,"550":0,"551":1,"552":6,"553":3,"554":1,"555":1,"556":0,"557":0,"558":0,"559":0,"560":0,"561":0,"562":1,"563":0,"564":0,"565":0,"566":0,"567":1,"568":1,"569":11,"570":0,"571":0,"572":0,"573":0,"574":10,"575":0,"576":0,"577":909,"578":0,"579":0,"580":0,"581":0,"582":0,"583":0,"584":0,"585":0,"586":1,"587":3,"588":156,"589":16,"590":7,"591":31,"592":15,"593":15,"594":1,"595":13,"596":0,"597":0,"598":0,"599":44,"600":0,"601":8,"602":0,"603":8,"604":1,"605":1,"606":3,"607":6,"608":1,"609":3,"610":1,"611":12,"612":1,"613":6,"614":18,"615":18,"616":2,"617":0,"618":6,"619":1,"620":1,"621":1,"622":1,"623":1,"624":1,"625":0,"626":1,"627":1,"628":4,"629":1,"630":3,"631":1,"632":3,"633":1,"634":3,"635":1,"636":1,"637":1,"638":1,"639":1,"640":3,"641":0,"642":1,"643":1,"644":1,"645":1,"646":1,"647":1,"648":1,"649":1,"650":6,"651":0,"652":1,"653":1,"654":8,"655":1,"656":1,"657":3,"658":1,"659":3,"660":1,"661":1,"662":3,"663":1,"664":1,"665":3,"666":1,"667":1,"668":3,"669":1,"670":1,"671":1,"672":1,"673":1,"674":1,"675":1,"676":1,"677":7,"678":1,"679":1,"680":1,"681":0,"682":0,"683":1,"684":1,"685":1,"686":1,"687":1,"688":1,"689":1,"690":1,"691":1,"692":1,"693":1,"694":1,"695":1,"696":1,"697":1,"698":1,"699":0,"700":0,"701":0,"702":1,"703":1,"704":1,"705":1,"706":1,"707":0,"708":0,"709":0,"710":0,"711":1,"712":1,"713":1,"714":1,"715":1,"716":1,"717":1,"718":1,"719":1,"720":1,"721":1,"722":1,"723":1,"724":1,"725":1,"726":1,"727":1,"728":4,"729":6,"730":1,"731":4,"732":1,"733":1,"734":1,"735":1,"736":1,"737":1,"738":1,"739":1,"740":1,"741":0,"742":0,"743":0,"744":0,"745":0,"746":1,"747":4,"748":0,"749":1,"750":8,"751":1,"752":1,"753":1,"754":1,"755":1,"756":1,"757":1,"758":1,"759":1,"760":1,"761":1,"762":1,"763":1,"764":1,"765":1,"766":2,"767":1,"768":7,"769":1,"770":1,"771":1,"772":1,"773":1,"774":1,"775":1,"776":1,"777":1,"778":1,"779":1,"780":1,"781":1,"782":1,"783":1,"784":1,"785":1,"786":1,"787":1,"788":1,"789":1,"790":1,"791":1,"792":1,"793":1,"794":1,"795":1,"796":2,"797":1,"798":1,"799":6,"800":1,"801":1,"802":1,"803":1,"804":1,"805":1,"806":5,"807":0,"808":0,"809":1,"810":1,"811":1,"812":1,"813":0,"814":0,"815":0,"816":1,"817":1,"818":1,"819":1,"820":1,"821":3,"822":0,"823":0,"824":0,"825":0,"826":0,"827":0,"828":1,"829":0,"830":0,"831":1,"832":7,"833":0,"834":0,"835":0,"836":0,"837":0,"838":0,"839":0,"840":0,"841":0,"842":0,"843":0,"844":1,"845":1,"846":1,"847":1},"b":{"0":[206,63],"1":[0,0],"2":[0,0],"3":[0,0],"4":[0,0],"5":[0,0],"6":[0,0],"7":[0,0,0,0],"8":[0,0],"9":[0,0],"10":[0,0],"11":[0,0],"12":[1,0,0],"13":[0,0],"14":[3,0],"15":[3,3],"16":[3,0],"17":[3,3],"18":[0,0],"19":[0,0],"20":[0,0],"21":[0,0],"22":[0,0],"23":[0,0],"24":[0,0],"25":[0,0],"26":[0,0],"27":[0,0],"28":[0,0,0],"29":[0,0],"30":[11,11],"31":[8,3],"32":[1,0],"33":[1,0],"34":[2,0],"35":[2,2],"36":[0,4800],"37":[0,4800],"38":[0,4800],"39":[4800,0,0],"40":[0,1],"41":[1,0],"42":[1,1],"43":[1,0],"44":[1,0],"45":[4800,0],"46":[0,0],"47":[0,0],"48":[0,0],"49":[960,11],"50":[960,11],"51":[11,11],"52":[5,6],"53":[1,0],"54":[1,0],"55":[0,0],"56":[0,0],"57":[0,0],"58":[0,0],"59":[0,0],"60":[2,0],"61":[2,2],"62":[0,11],"63":[0,11],"64":[11,0],"65":[11,11,0],"66":[0,1],"67":[1,0],"68":[1,1],"69":[1,0],"70":[1,0],"71":[11,0],"72":[0,11],"73":[0,0],"74":[0,0],"75":[0,0],"76":[0,0],"77":[0,0],"78":[0,0],"79":[0,0],"80":[7,7],"81":[4,3],"82":[0,1],"83":[1,0],"84":[1,0],"85":[1,1],"86":[0,0],"87":[0,0],"88":[0,0],"89":[0,0,0],"90":[0,1],"91":[1,0],"92":[1,1],"93":[1,0],"94":[1,0],"95":[0,0],"96":[7,7],"97":[3,4],"98":[1,0],"99":[1,0],"100":[0,5816],"101":[1,5815],"102":[4837,0],"103":[4872,14957],"104":[6,105],"105":[0,0],"106":[0,0],"107":[0,0],"108":[0,0],"109":[0,0],"110":[0,0],"111":[0,0],"112":[27,27],"113":[21,6],"114":[1,0],"115":[1,0],"116":[0,37],"117":[0,37],"118":[0,0],"119":[0,37],"120":[0,37],"121":[2,0],"122":[2,2],"123":[0,960],"124":[0,960],"125":[0,960],"126":[960,0,0],"127":[0,1],"128":[1,0],"129":[1,1],"130":[1,0],"131":[1,0],"132":[960,0],"133":[0,6],"134":[0,0],"135":[0,0],"136":[0,0],"137":[0,0],"138":[0,0],"139":[0,0],"140":[0,0],"141":[0,0,0],"142":[0,0],"143":[0,0],"144":[0,0],"145":[0,0],"146":[0,0],"147":[0,0],"148":[0,0],"149":[0,0],"150":[0,0],"151":[0,0],"152":[0,0],"153":[0,0],"154":[37,0],"155":[3,3],"156":[1,2],"157":[1,0],"158":[1,0],"159":[2,0],"160":[2,2],"161":[0,0],"162":[0,0],"163":[0,0],"164":[0,0],"165":[0,0],"166":[4,4],"167":[2,2],"168":[1,0],"169":[1,0],"170":[0,0],"171":[0,0],"172":[0,0],"173":[0,0],"174":[0,0],"175":[1,0],"176":[1,1],"177":[0,0],"178":[0,0],"179":[0,0],"180":[0,0,0],"181":[0,1],"182":[1,0],"183":[1,1],"184":[1,0],"185":[1,0],"186":[0,0],"187":[0,0],"188":[0,0],"189":[2,2],"190":[2,0],"191":[1,0],"192":[0,1],"193":[0,847],"194":[843,4],"195":[847,843],"196":[0,847],"197":[847,0],"198":[0,0],"199":[0,0],"200":[0,0],"201":[0,0],"202":[0,0],"203":[3,0],"204":[3,3],"205":[12,333],"206":[12,333],"207":[13,363],"208":[0,0,0,0,2],"209":[6,6],"210":[4,2],"211":[1,0],"212":[1,0],"213":[1,0],"214":[1,1],"215":[0,0],"216":[0,0],"217":[0,0],"218":[0,0,0],"219":[0,1],"220":[1,0],"221":[1,1],"222":[1,0],"223":[1,0],"224":[0,0],"225":[13,13],"226":[4,9],"227":[1,0],"228":[1,0],"229":[2,0],"230":[2,2],"231":[0,56],"232":[0,56],"233":[0,56],"234":[56,0,0],"235":[0,1],"236":[1,0],"237":[1,1],"238":[1,0],"239":[1,0],"240":[56,0],"241":[0,0,0],"242":[0,0],"243":[0,0],"244":[0,0],"245":[0,1],"246":[0,1],"247":[1,0],"248":[1,0],"249":[0,14],"250":[0,12],"251":[0,0],"252":[0,0],"253":[0,0],"254":[56,0],"255":[98,1134],"256":[0,112],"257":[10,7],"258":[8,8],"259":[1,7],"260":[1,0],"261":[1,0],"262":[1,0],"263":[1,1],"264":[0,0],"265":[0,0],"266":[0,0],"267":[0,0,0],"268":[0,1],"269":[1,0],"270":[1,1],"271":[1,0],"272":[1,0],"273":[0,0],"274":[0,0],"275":[0,0],"276":[13,13],"277":[5,8],"278":[1,0],"279":[1,0],"280":[1,0],"281":[1,1],"282":[0,0],"283":[0,0],"284":[0,0],"285":[0,0,0],"286":[0,1],"287":[1,0],"288":[1,1],"289":[1,0],"290":[1,0],"291":[0,0],"292":[0,0],"293":[0,0],"294":[0,0],"295":[0,0],"296":[0,0],"297":[0,0],"298":[0,0],"299":[0,0],"300":[8,8],"301":[5,3],"302":[1,0],"303":[1,0],"304":[1,0],"305":[1,1],"306":[0,0],"307":[0,0],"308":[0,0],"309":[0,0,0],"310":[0,1],"311":[1,0],"312":[1,1],"313":[1,0],"314":[1,0],"315":[0,0],"316":[0,0],"317":[0,0],"318":[0,0],"319":[0,0],"320":[0,0],"321":[1,0],"322":[0,0],"323":[7,1],"324":[8,8],"325":[3,0],"326":[3,3],"327":[0,0],"328":[0,0],"329":[0,9],"330":[0,1],"331":[0,0],"332":[0,1],"333":[1,1],"334":[2,1],"335":[3,2],"336":[0,0],"337":[0,0],"338":[0,0],"339":[1,2],"340":[1,6],"341":[0,1],"342":[4,1],"343":[5,5],"344":[3,0],"345":[3,3],"346":[0,0],"347":[0,0],"348":[2,4],"349":[0,9],"350":[3,0],"351":[3,3],"352":[3,0],"353":[3,3],"354":[0,0],"355":[0,0],"356":[0,3],"357":[1,0],"358":[0,0],"359":[0,0],"360":[0,0],"361":[0,0],"362":[0,0],"363":[0,0],"364":[0,0],"365":[3,0],"366":[3,3],"367":[3,0],"368":[3,3],"369":[0,0],"370":[0,0],"371":[0,11],"372":[0,0],"373":[0,0],"374":[0,6],"375":[6,0],"376":[3,3],"377":[3,0],"378":[6,12],"379":[0,6],"380":[0,6],"381":[6,0],"382":[6,0],"383":[6,12],"384":[0,0],"385":[3,6],"386":[4,4],"387":[8,8],"388":[3,0],"389":[3,3],"390":[0,0],"391":[0,0],"392":[0,0],"393":[0,0],"394":[3,0],"395":[3,3],"396":[0,0],"397":[0,0],"398":[3,1],"399":[4,4],"400":[0,10],"401":[0,0,1],"402":[0,0],"403":[0,0],"404":[0,0],"405":[1,0],"406":[1,0],"407":[0,0],"408":[2,0],"409":[0,0],"410":[0,0],"411":[1,0],"412":[0,0],"413":[4,0],"414":[4,4],"415":[3,0],"416":[3,3],"417":[0,0],"418":[0,0],"419":[0,3],"420":[0,2],"421":[0,2],"422":[4,0],"423":[4,4],"424":[3,0],"425":[3,3],"426":[0,0],"427":[0,0],"428":[0,8],"429":[1,30],"430":[1,30],"431":[4,0],"432":[2,0],"433":[2,0],"434":[2,5],"435":[0,0],"436":[0,0],"437":[0,0],"438":[0,0],"439":[0,4],"440":[4,4],"441":[4,0],"442":[4,4],"443":[3,0],"444":[3,3],"445":[0,0],"446":[0,0],"447":[0,7],"448":[4,0],"449":[1,1],"450":[1,1],"451":[1,0],"452":[4,0],"453":[4,4],"454":[3,0],"455":[3,3],"456":[0,0],"457":[0,0],"458":[2,0],"459":[2,2],"460":[6,0],"461":[6,6],"462":[3,0],"463":[3,3],"464":[0,0],"465":[0,0],"466":[1,0],"467":[1,1],"468":[0,0],"469":[0,0],"470":[0,0],"471":[0,0],"472":[0,0],"473":[0,0],"474":[1,0],"475":[1,1],"476":[0,0],"477":[0,0],"478":[11,0],"479":[11,11],"480":[0,10],"481":[0,0],"482":[0,0],"483":[0,0],"484":[0,0],"485":[0,0],"486":[0,0],"487":[74,835],"488":[0,0],"489":[0,0],"490":[0,0],"491":[0,0],"492":[0,0],"493":[0,0],"494":[0,0],"495":[0,0],"496":[3,0],"497":[3,3],"498":[1,155],"499":[8,8],"500":[16,8],"501":[6,1],"502":[7,7],"503":[0,7],"504":[7,0],"505":[0,7],"506":[7,0],"507":[0,7],"508":[1,0],"509":[1,1],"510":[0,0],"511":[0,0,0,0],"512":[1,7],"513":[2,6],"514":[8,0],"515":[0,8],"516":[5,3],"517":[0,5],"518":[4,1],"519":[0,4],"520":[0,4],"521":[12,4],"522":[0,12],"523":[0,1],"524":[4,2],"525":[0,4],"526":[0,8],"527":[0,0],"528":[3,0],"529":[3,3],"530":[6,0],"531":[6,6],"532":[0,0],"533":[0,0],"534":[3,0],"535":[3,3],"536":[1,0],"537":[1,1],"538":[0,0],"539":[0,0],"540":[0,12],"541":[12,6],"542":[1,0],"543":[1,1],"544":[0,0],"545":[0,0,0,0],"546":[0,1],"547":[1,1],"548":[3,1],"549":[4,4],"550":[0,6],"551":[0,4],"552":[4,0],"553":[0,4],"554":[3,1],"555":[4,4],"556":[0,0],"557":[0,0],"558":[0,0],"559":[0,0],"560":[0,0],"561":[0,0],"562":[0,0],"563":[0,8],"564":[8,0],"565":[0,8],"566":[5,0],"567":[2,0],"568":[2,2],"569":[0,7],"570":[7,0],"571":[0,7],"572":[1,0],"573":[1,1],"574":[2,0],"575":[2,2],"576":[1,0],"577":[1,1],"578":[0,0],"579":[0,0],"580":[0,0],"581":[3,0],"582":[3,3],"583":[0,0],"584":[0,0],"585":[0,0],"586":[0,0],"587":[0,0],"588":[0,0],"589":[0,0],"590":[0,0],"591":[0,0],"592":[0,0],"593":[1,0],"594":[1,1],"595":[0,0],"596":[0,0,0,0],"597":[1,0],"598":[1,1],"599":[0,0],"600":[0,0],"601":[7,0],"602":[7,7],"603":[0,0],"604":[0,0],"605":[0,0],"606":[0,0],"607":[0,0],"608":[0,0],"609":[0,0],"610":[0,0],"611":[0,0],"612":[0,0],"613":[0,0],"614":[0,0],"615":[0,0],"616":[0,0],"617":[0,0],"618":[0,0],"619":[0,0],"620":[0,0],"621":[0,0],"622":[0,0],"623":[0,0],"624":[0,0],"625":[0,0]},"_coverageSchema":"d34fc3e6b8297bcde183f5492bcb8fcb36775295","hash":"ca04fd8886845683f4bc03e444c0acc8b650d341","contentHash":"41fa2a85b92e7c84ad63f7624c084510_12.0.2"}}